#
# A fatal error has been detected by the Java Runtime Environment:
#
#  EXCEPTION_STACK_OVERFLOW (0xc00000fd) at pc=0x00007ffb980be573, pid=18532, tid=13068
#
# JRE version: Java(TM) SE Runtime Environment (14.0.2+12) (build 14.0.2+12-46)
# Java VM: Java HotSpot(TM) 64-Bit Server VM (14.0.2+12-46, mixed mode, sharing, tiered, compressed oops, g1 gc, windows-amd64)
# Problematic frame:
# V  [jvm.dll+0x33e573]
#
# No core dump will be written. Minidumps are not enabled by default on client versions of Windows
#
# If you would like to submit a bug report, please visit:
#   https://bugreport.java.com/bugreport/crash.jsp
#

---------------  S U M M A R Y ------------

Command Line: -Dfile.encoding=Cp1252 -XX:+ShowCodeDetailsInExceptionMessages XML.XMLhandler

Host: AMD Ryzen 5 4600H with Radeon Graphics         , 12 cores, 7G,  Windows 10 , 64 bit Build 19041 (10.0.19041.928)
Time: Mon Jun  7 23:42:22 2021 SE Asia Standard Time elapsed time: 5 seconds (0d 0h 0m 5s)

---------------  T H R E A D  ---------------

Current thread (0x0000025ebceb0000):  JavaThread "pool-1-thread-7" [_thread_in_vm, id=13068, stack(0x000000aa82700000,0x000000aa82800000)]

Stack: [0x000000aa82700000,0x000000aa82800000],  sp=0x000000aa827ff270,  free space=1020k
Native frames: (J=compiled Java code, j=interpreted, Vv=VM code, C=native code)
V  [jvm.dll+0x33e573]
V  [jvm.dll+0x5f89c2]
V  [jvm.dll+0x33f06c]
V  [jvm.dll+0x33f2f7]
V  [jvm.dll+0x3b4f81]
V  [jvm.dll+0x7070cd]
V  [jvm.dll+0x6ffeda]
V  [jvm.dll+0x5f78f6]
C  [ucrtbase.dll+0x21bb2]
C  [KERNEL32.DLL+0x17034]
C  [ntdll.dll+0x52651]


siginfo: EXCEPTION_STACK_OVERFLOW (0xc00000fd), ExceptionInformation=0x0000000000000001 0x000000aa827fa270 


Register to memory mapping:

RIP=0x00007ffb980be573 jvm.dll
RAX=0x0000000000000003 is an unknown value
RBX=0x000000aa827fa270 is pointing into the stack for thread: 0x0000025ebceb0000
RCX=0x0000000000001000 is an unknown value
RDX=0x0 is NULL
RSP=0x000000aa827ff270 is pointing into the stack for thread: 0x0000025ebceb0000
RBP=0x000000aa827ff370 is pointing into the stack for thread: 0x0000025ebceb0000
RSI=0x000000aa827ff510 is pointing into the stack for thread: 0x0000025ebceb0000
RDI=0x0000025ebce6bb30 points into unknown readable memory: 68 5b 51 90 00 00 00 00
R8 =0x000000aa827ff270 is pointing into the stack for thread: 0x0000025ebceb0000
R9 =0x000000000000012d is an unknown value
R10=0x000000aa827ff430 is pointing into the stack for thread: 0x0000025ebceb0000
R11=0x000000aa827ff5e0 is pointing into the stack for thread: 0x0000025ebceb0000
R12=0x000000aa827ff5e0 is pointing into the stack for thread: 0x0000025ebceb0000
R13=0x000000aa827ff430 is pointing into the stack for thread: 0x0000025ebceb0000
R14=0x0000025ebceb0000 is a thread
R15=0x0 is NULL


Registers:
RAX=0x0000000000000003, RBX=0x000000aa827fa270, RCX=0x0000000000001000, RDX=0x0000000000000000
RSP=0x000000aa827ff270, RBP=0x000000aa827ff370, RSI=0x000000aa827ff510, RDI=0x0000025ebce6bb30
R8 =0x000000aa827ff270, R9 =0x000000000000012d, R10=0x000000aa827ff430, R11=0x000000aa827ff5e0
R12=0x000000aa827ff5e0, R13=0x000000aa827ff430, R14=0x0000025ebceb0000, R15=0x0000000000000000
RIP=0x00007ffb980be573, EFLAGS=0x0000000000010202

Top of Stack: (sp=0x000000aa827ff270)
0x000000aa827ff270:   000000aa827ff270 000000aa827ff510
0x000000aa827ff280:   000000007ffe0384 00007ffbf8e2c1ca
0x000000aa827ff290:   0000609cfc10efc5 00007ffb97f631ac
0x000000aa827ff2a0:   0000025ebce037c8 000000aa827ff480
0x000000aa827ff2b0:   0000000000000000 0000000000000000
0x000000aa827ff2c0:   000000aa827ff360 00007ffb97f63398
0x000000aa827ff2d0:   000000080011f9f8 00007ffb9826ebfe
0x000000aa827ff2e0:   0000000000000015 0000025ebce6bb30
0x000000aa827ff2f0:   0000000800000000 00007ffb98083626
0x000000aa827ff300:   000000aa827ff4a0 000000aa827ff480
0x000000aa827ff310:   0000000000000000 0000000000000000
0x000000aa827ff320:   0000025ebceb0000 00007ffb98271db3
0x000000aa827ff330:   000000aa827ff3e0 000000aa827ff3e0
0x000000aa827ff340:   0000025ebce6bb30 00000000000000c9
0x000000aa827ff350:   0000025ebd36e5d0 0000000000000000
0x000000aa827ff360:   000000080011fd48 0000025ebceb0000 

Instructions: (pc=0x00007ffb980be573)
0x00007ffb980be473:   8b 14 24 8d 42 fc 83 f8 0a 77 3a 4c 8d 05 7b 1b
0x00007ffb980be483:   cc ff 48 98 41 8b 8c 80 8c e8 33 00 49 03 c8 ff
0x00007ffb980be493:   e1 c7 45 78 0a 00 00 00 eb 3c c7 45 78 0b 00 00
0x00007ffb980be4a3:   00 eb 33 c7 45 78 06 00 00 00 eb 2a c7 45 78 07
0x00007ffb980be4b3:   00 00 00 eb 21 ba af 00 00 00 48 8d 0d b4 f1 51
0x00007ffb980be4c3:   00 e8 87 ec ec ff e8 22 a1 2b 00 41 8b 14 24 c7
0x00007ffb980be4d3:   45 78 63 00 00 00 8d 42 f4 83 f8 01 49 8b 45 00
0x00007ffb980be4e3:   0f 96 45 70 8b 40 20 c1 e8 03 a8 01 75 0d 48 8b
0x00007ffb980be4f3:   46 58 48 8b 38 48 89 7d d0 eb 0a 48 c7 45 d8 00
0x00007ffb980be503:   00 00 00 33 ff 41 83 be d0 03 00 00 03 74 08 49
0x00007ffb980be513:   8b ce e8 26 86 3c 00 e8 91 a3 2b 00 4c 8b c0 49
0x00007ffb980be523:   8b d5 49 8b ce 48 8b d8 e8 50 f5 2a 00 84 c0 75
0x00007ffb980be533:   1d 4d 8b cd 48 8d 15 3a f1 51 00 41 b8 9a 01 00
0x00007ffb980be543:   00 49 8b ce e8 f4 91 f4 ff e9 56 02 00 00 48 63
0x00007ffb980be553:   0d 98 7d 71 00 33 d2 48 8b 05 47 28 74 00 48 f7
0x00007ffb980be563:   f1 48 83 f8 01 72 12 66 0f 1f 44 00 00 48 2b d9
0x00007ffb980be573:   c6 03 00 48 83 e8 01 75 f4 4d 85 ff 0f 84 8c 00
0x00007ffb980be583:   00 00 49 8b 07 49 8b cf ff 90 88 00 00 00 84 c0
0x00007ffb980be593:   74 54 49 8b 07 49 8b cf ff 90 20 02 00 00 84 c0
0x00007ffb980be5a3:   75 44 49 8b 07 49 8b cf ff 90 d8 00 00 00 49 89
0x00007ffb980be5b3:   86 c0 03 00 00 49 8b 45 00 48 8b 48 08 48 3b 0d
0x00007ffb980be5c3:   49 9e 6d 00 73 16 48 3b 0d 38 9e 6d 00 72 0d 48
0x00007ffb980be5d3:   8b 41 18 48 8b 08 4c 8b 79 18 eb 36 48 8b 49 18
0x00007ffb980be5e3:   4c 8b 79 18 eb 2c 4c 8b 0d a0 86 74 00 48 8d 15
0x00007ffb980be5f3:   81 f0 51 00 33 f6 41 b8 a7 01 00 00 49 8b ce 48
0x00007ffb980be603:   89 74 24 20 e8 64 82 f4 ff e9 96 01 00 00 4c 8b
0x00007ffb980be613:   7d 80 4d 8b cc 4c 89 74 24 20 4c 8b c7 48 8d 4c
0x00007ffb980be623:   24 40 49 8b d5 e8 c3 fa ff ff 49 83 7e 08 00 0f
0x00007ffb980be633:   85 e7 00 00 00 49 8b d6 48 8d 4d e0 e8 3c 50 fc
0x00007ffb980be643:   ff 8b 4e 68 33 ff 85 c9 0f 8e 8b 00 00 00 33 db
0x00007ffb980be653:   48 8b 46 60 0f b6 14 18 85 d2 74 6d 48 8b 46 58
0x00007ffb980be663:   48 8b 0c d8 83 ea 02 74 44 83 fa 01 74 1a ba ef 


Stack slot to memory mapping:
stack at sp + 0 slots: 0x000000aa827ff270 is pointing into the stack for thread: 0x0000025ebceb0000
stack at sp + 1 slots: 0x000000aa827ff510 is pointing into the stack for thread: 0x0000025ebceb0000
stack at sp + 2 slots: 0x000000007ffe0384 points into unknown readable memory: 00 00 00 00
stack at sp + 3 slots: 0x00007ffbf8e2c1ca VCRUNTIME140.dll
stack at sp + 4 slots: 0x0000609cfc10efc5 is an unknown value
stack at sp + 5 slots: 0x00007ffb97f631ac jvm.dll
stack at sp + 6 slots: 0x0000025ebce037c8 points into unknown readable memory: 6c 37 37 6c 00 0e 00 88
stack at sp + 7 slots: 0x000000aa827ff480 is pointing into the stack for thread: 0x0000025ebceb0000


---------------  P R O C E S S  ---------------

Threads class SMR info:
_java_thread_list=0x0000025ebd0f60f0, length=21, elements={
0x0000025e9d4a9000, 0x0000025ebc484800, 0x0000025ebc486800, 0x0000025ebc4a4800,
0x0000025ebc4a5800, 0x0000025ebc4a6800, 0x0000025ebc4ac000, 0x0000025ebc4b5000,
0x0000025ebc4c0800, 0x0000025ebcef3000, 0x0000025ebcf0b000, 0x0000025ebd0dd000,
0x0000025ebd136800, 0x0000025ebd386800, 0x0000025ebcead800, 0x0000025ebceae800,
0x0000025ebceaf000, 0x0000025ebceb0000, 0x0000025ebce5c800, 0x0000025ebd37c800,
0x0000025ebd381800
}

Java Threads: ( => current thread )
  0x0000025e9d4a9000 JavaThread "main" [_thread_blocked, id=28684, stack(0x000000aa80e00000,0x000000aa80f00000)]
  0x0000025ebc484800 JavaThread "Reference Handler" daemon [_thread_blocked, id=6444, stack(0x000000aa81500000,0x000000aa81600000)]
  0x0000025ebc486800 JavaThread "Finalizer" daemon [_thread_blocked, id=26504, stack(0x000000aa81600000,0x000000aa81700000)]
  0x0000025ebc4a4800 JavaThread "Signal Dispatcher" daemon [_thread_blocked, id=19020, stack(0x000000aa81700000,0x000000aa81800000)]
  0x0000025ebc4a5800 JavaThread "Attach Listener" daemon [_thread_blocked, id=29016, stack(0x000000aa81800000,0x000000aa81900000)]
  0x0000025ebc4a6800 JavaThread "Service Thread" daemon [_thread_blocked, id=29228, stack(0x000000aa81900000,0x000000aa81a00000)]
  0x0000025ebc4ac000 JavaThread "C2 CompilerThread0" daemon [_thread_blocked, id=23408, stack(0x000000aa81a00000,0x000000aa81b00000)]
  0x0000025ebc4b5000 JavaThread "C1 CompilerThread0" daemon [_thread_blocked, id=10624, stack(0x000000aa81b00000,0x000000aa81c00000)]
  0x0000025ebc4c0800 JavaThread "Sweeper thread" daemon [_thread_blocked, id=17444, stack(0x000000aa81c00000,0x000000aa81d00000)]
  0x0000025ebcef3000 JavaThread "Notification Thread" daemon [_thread_blocked, id=1416, stack(0x000000aa81d00000,0x000000aa81e00000)]
  0x0000025ebcf0b000 JavaThread "Common-Cleaner" daemon [_thread_blocked, id=26484, stack(0x000000aa81f00000,0x000000aa82000000)]
  0x0000025ebd0dd000 JavaThread "pool-1-thread-1" [_thread_blocked, id=29040, stack(0x000000aa82000000,0x000000aa82100000)]
  0x0000025ebd136800 JavaThread "pool-1-thread-2" [_thread_blocked, id=29388, stack(0x000000aa82200000,0x000000aa82300000)]
  0x0000025ebd386800 JavaThread "pool-1-thread-3" [_thread_blocked, id=11600, stack(0x000000aa82300000,0x000000aa82400000)]
  0x0000025ebcead800 JavaThread "pool-1-thread-4" [_thread_blocked, id=18584, stack(0x000000aa82400000,0x000000aa82500000)]
  0x0000025ebceae800 JavaThread "pool-1-thread-5" [_thread_blocked, id=9064, stack(0x000000aa82500000,0x000000aa82600000)]
  0x0000025ebceaf000 JavaThread "pool-1-thread-6" [_thread_blocked, id=30816, stack(0x000000aa82600000,0x000000aa82700000)]
=>0x0000025ebceb0000 JavaThread "pool-1-thread-7" [_thread_in_vm, id=13068, stack(0x000000aa82700000,0x000000aa82800000)]
  0x0000025ebce5c800 JavaThread "pool-1-thread-8" [_thread_new, id=31388, stack(0x000000aa82800000,0x000000aa82900000)]
  0x0000025ebd37c800 JavaThread "pool-1-thread-9" [_thread_blocked, id=8324, stack(0x000000aa82900000,0x000000aa82a00000)]
  0x0000025ebd381800 JavaThread "pool-1-thread-10" [_thread_blocked, id=31208, stack(0x000000aa82a00000,0x000000aa82b00000)]

Other Threads:
  0x0000025ebc47f800 VMThread "VM Thread" [stack: 0x000000aa81400000,0x000000aa81500000] [id=30280]
  0x0000025ebcf0a000 WatcherThread [stack: 0x000000aa81e00000,0x000000aa81f00000] [id=7380]
  0x0000025e9d4ed000 GCTaskThread "GC Thread#0" [stack: 0x000000aa80f00000,0x000000aa81000000] [id=29532]
  0x0000025e9d4ff000 ConcurrentGCThread "G1 Main Marker" [stack: 0x000000aa81000000,0x000000aa81100000] [id=23028]
  0x0000025e9d501000 ConcurrentGCThread "G1 Conc#0" [stack: 0x000000aa81100000,0x000000aa81200000] [id=2612]
  0x0000025ebc2f4800 ConcurrentGCThread "G1 Refine#0" [stack: 0x000000aa81200000,0x000000aa81300000] [id=16436]
  0x0000025ebc2f6000 ConcurrentGCThread "G1 Young RemSet Sampling" [stack: 0x000000aa81300000,0x000000aa81400000] [id=29424]

Threads with active compile tasks:

VM state:not at safepoint (normal execution)

VM Mutex/Monitor currently owned by a thread: None

Heap address: 0x0000000089800000, size: 1896 MB, Compressed Oops mode: 32-bit
Narrow klass base: 0x0000000800000000, Narrow klass shift: 3
Compressed class space size: 1073741824 Address: 0x0000000800b30000

Heap:
 garbage-first heap   total 122880K, used 11264K [0x0000000089800000, 0x0000000100000000)
  region size 1024K, 13 young (13312K), 0 survivors (0K)
 Metaspace       used 5001K, capacity 5606K, committed 5760K, reserved 1056768K
  class space    used 484K, capacity 550K, committed 640K, reserved 1048576K
Heap Regions: E=young(eden), S=young(survivor), O=old, HS=humongous(starts), HC=humongous(continues), CS=collection set, F=free, OA=open archive, CA=closed archive, TAMS=top-at-mark-start (previous, next)
|   0|0x0000000089800000, 0x0000000089800000, 0x0000000089900000|  0%| F|  |TAMS 0x0000000089800000, 0x0000000089800000| Untracked 
|   1|0x0000000089900000, 0x0000000089900000, 0x0000000089a00000|  0%| F|  |TAMS 0x0000000089900000, 0x0000000089900000| Untracked 
|   2|0x0000000089a00000, 0x0000000089a00000, 0x0000000089b00000|  0%| F|  |TAMS 0x0000000089a00000, 0x0000000089a00000| Untracked 
|   3|0x0000000089b00000, 0x0000000089b00000, 0x0000000089c00000|  0%| F|  |TAMS 0x0000000089b00000, 0x0000000089b00000| Untracked 
|   4|0x0000000089c00000, 0x0000000089c00000, 0x0000000089d00000|  0%| F|  |TAMS 0x0000000089c00000, 0x0000000089c00000| Untracked 
|   5|0x0000000089d00000, 0x0000000089d00000, 0x0000000089e00000|  0%| F|  |TAMS 0x0000000089d00000, 0x0000000089d00000| Untracked 
|   6|0x0000000089e00000, 0x0000000089e00000, 0x0000000089f00000|  0%| F|  |TAMS 0x0000000089e00000, 0x0000000089e00000| Untracked 
|   7|0x0000000089f00000, 0x0000000089f00000, 0x000000008a000000|  0%| F|  |TAMS 0x0000000089f00000, 0x0000000089f00000| Untracked 
|   8|0x000000008a000000, 0x000000008a000000, 0x000000008a100000|  0%| F|  |TAMS 0x000000008a000000, 0x000000008a000000| Untracked 
|   9|0x000000008a100000, 0x000000008a100000, 0x000000008a200000|  0%| F|  |TAMS 0x000000008a100000, 0x000000008a100000| Untracked 
|  10|0x000000008a200000, 0x000000008a200000, 0x000000008a300000|  0%| F|  |TAMS 0x000000008a200000, 0x000000008a200000| Untracked 
|  11|0x000000008a300000, 0x000000008a300000, 0x000000008a400000|  0%| F|  |TAMS 0x000000008a300000, 0x000000008a300000| Untracked 
|  12|0x000000008a400000, 0x000000008a400000, 0x000000008a500000|  0%| F|  |TAMS 0x000000008a400000, 0x000000008a400000| Untracked 
|  13|0x000000008a500000, 0x000000008a500000, 0x000000008a600000|  0%| F|  |TAMS 0x000000008a500000, 0x000000008a500000| Untracked 
|  14|0x000000008a600000, 0x000000008a600000, 0x000000008a700000|  0%| F|  |TAMS 0x000000008a600000, 0x000000008a600000| Untracked 
|  15|0x000000008a700000, 0x000000008a700000, 0x000000008a800000|  0%| F|  |TAMS 0x000000008a700000, 0x000000008a700000| Untracked 
|  16|0x000000008a800000, 0x000000008a800000, 0x000000008a900000|  0%| F|  |TAMS 0x000000008a800000, 0x000000008a800000| Untracked 
|  17|0x000000008a900000, 0x000000008a900000, 0x000000008aa00000|  0%| F|  |TAMS 0x000000008a900000, 0x000000008a900000| Untracked 
|  18|0x000000008aa00000, 0x000000008aa00000, 0x000000008ab00000|  0%| F|  |TAMS 0x000000008aa00000, 0x000000008aa00000| Untracked 
|  19|0x000000008ab00000, 0x000000008ab00000, 0x000000008ac00000|  0%| F|  |TAMS 0x000000008ab00000, 0x000000008ab00000| Untracked 
|  20|0x000000008ac00000, 0x000000008ac00000, 0x000000008ad00000|  0%| F|  |TAMS 0x000000008ac00000, 0x000000008ac00000| Untracked 
|  21|0x000000008ad00000, 0x000000008ad00000, 0x000000008ae00000|  0%| F|  |TAMS 0x000000008ad00000, 0x000000008ad00000| Untracked 
|  22|0x000000008ae00000, 0x000000008ae00000, 0x000000008af00000|  0%| F|  |TAMS 0x000000008ae00000, 0x000000008ae00000| Untracked 
|  23|0x000000008af00000, 0x000000008af00000, 0x000000008b000000|  0%| F|  |TAMS 0x000000008af00000, 0x000000008af00000| Untracked 
|  24|0x000000008b000000, 0x000000008b000000, 0x000000008b100000|  0%| F|  |TAMS 0x000000008b000000, 0x000000008b000000| Untracked 
|  25|0x000000008b100000, 0x000000008b100000, 0x000000008b200000|  0%| F|  |TAMS 0x000000008b100000, 0x000000008b100000| Untracked 
|  26|0x000000008b200000, 0x000000008b200000, 0x000000008b300000|  0%| F|  |TAMS 0x000000008b200000, 0x000000008b200000| Untracked 
|  27|0x000000008b300000, 0x000000008b300000, 0x000000008b400000|  0%| F|  |TAMS 0x000000008b300000, 0x000000008b300000| Untracked 
|  28|0x000000008b400000, 0x000000008b400000, 0x000000008b500000|  0%| F|  |TAMS 0x000000008b400000, 0x000000008b400000| Untracked 
|  29|0x000000008b500000, 0x000000008b500000, 0x000000008b600000|  0%| F|  |TAMS 0x000000008b500000, 0x000000008b500000| Untracked 
|  30|0x000000008b600000, 0x000000008b600000, 0x000000008b700000|  0%| F|  |TAMS 0x000000008b600000, 0x000000008b600000| Untracked 
|  31|0x000000008b700000, 0x000000008b700000, 0x000000008b800000|  0%| F|  |TAMS 0x000000008b700000, 0x000000008b700000| Untracked 
|  32|0x000000008b800000, 0x000000008b800000, 0x000000008b900000|  0%| F|  |TAMS 0x000000008b800000, 0x000000008b800000| Untracked 
|  33|0x000000008b900000, 0x000000008b900000, 0x000000008ba00000|  0%| F|  |TAMS 0x000000008b900000, 0x000000008b900000| Untracked 
|  34|0x000000008ba00000, 0x000000008ba00000, 0x000000008bb00000|  0%| F|  |TAMS 0x000000008ba00000, 0x000000008ba00000| Untracked 
|  35|0x000000008bb00000, 0x000000008bb00000, 0x000000008bc00000|  0%| F|  |TAMS 0x000000008bb00000, 0x000000008bb00000| Untracked 
|  36|0x000000008bc00000, 0x000000008bc00000, 0x000000008bd00000|  0%| F|  |TAMS 0x000000008bc00000, 0x000000008bc00000| Untracked 
|  37|0x000000008bd00000, 0x000000008bd00000, 0x000000008be00000|  0%| F|  |TAMS 0x000000008bd00000, 0x000000008bd00000| Untracked 
|  38|0x000000008be00000, 0x000000008be00000, 0x000000008bf00000|  0%| F|  |TAMS 0x000000008be00000, 0x000000008be00000| Untracked 
|  39|0x000000008bf00000, 0x000000008bf00000, 0x000000008c000000|  0%| F|  |TAMS 0x000000008bf00000, 0x000000008bf00000| Untracked 
|  40|0x000000008c000000, 0x000000008c000000, 0x000000008c100000|  0%| F|  |TAMS 0x000000008c000000, 0x000000008c000000| Untracked 
|  41|0x000000008c100000, 0x000000008c100000, 0x000000008c200000|  0%| F|  |TAMS 0x000000008c100000, 0x000000008c100000| Untracked 
|  42|0x000000008c200000, 0x000000008c200000, 0x000000008c300000|  0%| F|  |TAMS 0x000000008c200000, 0x000000008c200000| Untracked 
|  43|0x000000008c300000, 0x000000008c300000, 0x000000008c400000|  0%| F|  |TAMS 0x000000008c300000, 0x000000008c300000| Untracked 
|  44|0x000000008c400000, 0x000000008c400000, 0x000000008c500000|  0%| F|  |TAMS 0x000000008c400000, 0x000000008c400000| Untracked 
|  45|0x000000008c500000, 0x000000008c500000, 0x000000008c600000|  0%| F|  |TAMS 0x000000008c500000, 0x000000008c500000| Untracked 
|  46|0x000000008c600000, 0x000000008c600000, 0x000000008c700000|  0%| F|  |TAMS 0x000000008c600000, 0x000000008c600000| Untracked 
|  47|0x000000008c700000, 0x000000008c700000, 0x000000008c800000|  0%| F|  |TAMS 0x000000008c700000, 0x000000008c700000| Untracked 
|  48|0x000000008c800000, 0x000000008c800000, 0x000000008c900000|  0%| F|  |TAMS 0x000000008c800000, 0x000000008c800000| Untracked 
|  49|0x000000008c900000, 0x000000008c900000, 0x000000008ca00000|  0%| F|  |TAMS 0x000000008c900000, 0x000000008c900000| Untracked 
|  50|0x000000008ca00000, 0x000000008ca00000, 0x000000008cb00000|  0%| F|  |TAMS 0x000000008ca00000, 0x000000008ca00000| Untracked 
|  51|0x000000008cb00000, 0x000000008cb00000, 0x000000008cc00000|  0%| F|  |TAMS 0x000000008cb00000, 0x000000008cb00000| Untracked 
|  52|0x000000008cc00000, 0x000000008cc00000, 0x000000008cd00000|  0%| F|  |TAMS 0x000000008cc00000, 0x000000008cc00000| Untracked 
|  53|0x000000008cd00000, 0x000000008cd00000, 0x000000008ce00000|  0%| F|  |TAMS 0x000000008cd00000, 0x000000008cd00000| Untracked 
|  54|0x000000008ce00000, 0x000000008ce00000, 0x000000008cf00000|  0%| F|  |TAMS 0x000000008ce00000, 0x000000008ce00000| Untracked 
|  55|0x000000008cf00000, 0x000000008cf00000, 0x000000008d000000|  0%| F|  |TAMS 0x000000008cf00000, 0x000000008cf00000| Untracked 
|  56|0x000000008d000000, 0x000000008d000000, 0x000000008d100000|  0%| F|  |TAMS 0x000000008d000000, 0x000000008d000000| Untracked 
|  57|0x000000008d100000, 0x000000008d100000, 0x000000008d200000|  0%| F|  |TAMS 0x000000008d100000, 0x000000008d100000| Untracked 
|  58|0x000000008d200000, 0x000000008d200000, 0x000000008d300000|  0%| F|  |TAMS 0x000000008d200000, 0x000000008d200000| Untracked 
|  59|0x000000008d300000, 0x000000008d300000, 0x000000008d400000|  0%| F|  |TAMS 0x000000008d300000, 0x000000008d300000| Untracked 
|  60|0x000000008d400000, 0x000000008d400000, 0x000000008d500000|  0%| F|  |TAMS 0x000000008d400000, 0x000000008d400000| Untracked 
|  61|0x000000008d500000, 0x000000008d500000, 0x000000008d600000|  0%| F|  |TAMS 0x000000008d500000, 0x000000008d500000| Untracked 
|  62|0x000000008d600000, 0x000000008d600000, 0x000000008d700000|  0%| F|  |TAMS 0x000000008d600000, 0x000000008d600000| Untracked 
|  63|0x000000008d700000, 0x000000008d700000, 0x000000008d800000|  0%| F|  |TAMS 0x000000008d700000, 0x000000008d700000| Untracked 
|  64|0x000000008d800000, 0x000000008d800000, 0x000000008d900000|  0%| F|  |TAMS 0x000000008d800000, 0x000000008d800000| Untracked 
|  65|0x000000008d900000, 0x000000008d900000, 0x000000008da00000|  0%| F|  |TAMS 0x000000008d900000, 0x000000008d900000| Untracked 
|  66|0x000000008da00000, 0x000000008da00000, 0x000000008db00000|  0%| F|  |TAMS 0x000000008da00000, 0x000000008da00000| Untracked 
|  67|0x000000008db00000, 0x000000008db00000, 0x000000008dc00000|  0%| F|  |TAMS 0x000000008db00000, 0x000000008db00000| Untracked 
|  68|0x000000008dc00000, 0x000000008dc00000, 0x000000008dd00000|  0%| F|  |TAMS 0x000000008dc00000, 0x000000008dc00000| Untracked 
|  69|0x000000008dd00000, 0x000000008dd00000, 0x000000008de00000|  0%| F|  |TAMS 0x000000008dd00000, 0x000000008dd00000| Untracked 
|  70|0x000000008de00000, 0x000000008de00000, 0x000000008df00000|  0%| F|  |TAMS 0x000000008de00000, 0x000000008de00000| Untracked 
|  71|0x000000008df00000, 0x000000008df00000, 0x000000008e000000|  0%| F|  |TAMS 0x000000008df00000, 0x000000008df00000| Untracked 
|  72|0x000000008e000000, 0x000000008e000000, 0x000000008e100000|  0%| F|  |TAMS 0x000000008e000000, 0x000000008e000000| Untracked 
|  73|0x000000008e100000, 0x000000008e100000, 0x000000008e200000|  0%| F|  |TAMS 0x000000008e100000, 0x000000008e100000| Untracked 
|  74|0x000000008e200000, 0x000000008e200000, 0x000000008e300000|  0%| F|  |TAMS 0x000000008e200000, 0x000000008e200000| Untracked 
|  75|0x000000008e300000, 0x000000008e300000, 0x000000008e400000|  0%| F|  |TAMS 0x000000008e300000, 0x000000008e300000| Untracked 
|  76|0x000000008e400000, 0x000000008e400000, 0x000000008e500000|  0%| F|  |TAMS 0x000000008e400000, 0x000000008e400000| Untracked 
|  77|0x000000008e500000, 0x000000008e500000, 0x000000008e600000|  0%| F|  |TAMS 0x000000008e500000, 0x000000008e500000| Untracked 
|  78|0x000000008e600000, 0x000000008e600000, 0x000000008e700000|  0%| F|  |TAMS 0x000000008e600000, 0x000000008e600000| Untracked 
|  79|0x000000008e700000, 0x000000008e700000, 0x000000008e800000|  0%| F|  |TAMS 0x000000008e700000, 0x000000008e700000| Untracked 
|  80|0x000000008e800000, 0x000000008e800000, 0x000000008e900000|  0%| F|  |TAMS 0x000000008e800000, 0x000000008e800000| Untracked 
|  81|0x000000008e900000, 0x000000008e900000, 0x000000008ea00000|  0%| F|  |TAMS 0x000000008e900000, 0x000000008e900000| Untracked 
|  82|0x000000008ea00000, 0x000000008ea00000, 0x000000008eb00000|  0%| F|  |TAMS 0x000000008ea00000, 0x000000008ea00000| Untracked 
|  83|0x000000008eb00000, 0x000000008eb00000, 0x000000008ec00000|  0%| F|  |TAMS 0x000000008eb00000, 0x000000008eb00000| Untracked 
|  84|0x000000008ec00000, 0x000000008ec00000, 0x000000008ed00000|  0%| F|  |TAMS 0x000000008ec00000, 0x000000008ec00000| Untracked 
|  85|0x000000008ed00000, 0x000000008ed00000, 0x000000008ee00000|  0%| F|  |TAMS 0x000000008ed00000, 0x000000008ed00000| Untracked 
|  86|0x000000008ee00000, 0x000000008ee00000, 0x000000008ef00000|  0%| F|  |TAMS 0x000000008ee00000, 0x000000008ee00000| Untracked 
|  87|0x000000008ef00000, 0x000000008ef00000, 0x000000008f000000|  0%| F|  |TAMS 0x000000008ef00000, 0x000000008ef00000| Untracked 
|  88|0x000000008f000000, 0x000000008f000000, 0x000000008f100000|  0%| F|  |TAMS 0x000000008f000000, 0x000000008f000000| Untracked 
|  89|0x000000008f100000, 0x000000008f100000, 0x000000008f200000|  0%| F|  |TAMS 0x000000008f100000, 0x000000008f100000| Untracked 
|  90|0x000000008f200000, 0x000000008f200000, 0x000000008f300000|  0%| F|  |TAMS 0x000000008f200000, 0x000000008f200000| Untracked 
|  91|0x000000008f300000, 0x000000008f300000, 0x000000008f400000|  0%| F|  |TAMS 0x000000008f300000, 0x000000008f300000| Untracked 
|  92|0x000000008f400000, 0x000000008f400000, 0x000000008f500000|  0%| F|  |TAMS 0x000000008f400000, 0x000000008f400000| Untracked 
|  93|0x000000008f500000, 0x000000008f500000, 0x000000008f600000|  0%| F|  |TAMS 0x000000008f500000, 0x000000008f500000| Untracked 
|  94|0x000000008f600000, 0x000000008f600000, 0x000000008f700000|  0%| F|  |TAMS 0x000000008f600000, 0x000000008f600000| Untracked 
|  95|0x000000008f700000, 0x000000008f700000, 0x000000008f800000|  0%| F|  |TAMS 0x000000008f700000, 0x000000008f700000| Untracked 
|  96|0x000000008f800000, 0x000000008f800000, 0x000000008f900000|  0%| F|  |TAMS 0x000000008f800000, 0x000000008f800000| Untracked 
|  97|0x000000008f900000, 0x000000008f900000, 0x000000008fa00000|  0%| F|  |TAMS 0x000000008f900000, 0x000000008f900000| Untracked 
|  98|0x000000008fa00000, 0x000000008fa00000, 0x000000008fb00000|  0%| F|  |TAMS 0x000000008fa00000, 0x000000008fa00000| Untracked 
|  99|0x000000008fb00000, 0x000000008fb00000, 0x000000008fc00000|  0%| F|  |TAMS 0x000000008fb00000, 0x000000008fb00000| Untracked 
| 100|0x000000008fc00000, 0x000000008fc00000, 0x000000008fd00000|  0%| F|  |TAMS 0x000000008fc00000, 0x000000008fc00000| Untracked 
| 101|0x000000008fd00000, 0x000000008fd00000, 0x000000008fe00000|  0%| F|  |TAMS 0x000000008fd00000, 0x000000008fd00000| Untracked 
| 102|0x000000008fe00000, 0x000000008fe00000, 0x000000008ff00000|  0%| F|  |TAMS 0x000000008fe00000, 0x000000008fe00000| Untracked 
| 103|0x000000008ff00000, 0x000000008ff00000, 0x0000000090000000|  0%| F|  |TAMS 0x000000008ff00000, 0x000000008ff00000| Untracked 
| 104|0x0000000090000000, 0x0000000090000000, 0x0000000090100000|  0%| F|  |TAMS 0x0000000090000000, 0x0000000090000000| Untracked 
| 105|0x0000000090100000, 0x0000000090100000, 0x0000000090200000|  0%| F|  |TAMS 0x0000000090100000, 0x0000000090100000| Untracked 
| 106|0x0000000090200000, 0x0000000090200000, 0x0000000090300000|  0%| F|  |TAMS 0x0000000090200000, 0x0000000090200000| Untracked 
| 107|0x0000000090300000, 0x0000000090376448, 0x0000000090400000| 46%| E|  |TAMS 0x0000000090300000, 0x0000000090300000| Complete 
| 108|0x0000000090400000, 0x0000000090500000, 0x0000000090500000|100%| E|CS|TAMS 0x0000000090400000, 0x0000000090400000| Complete 
| 109|0x0000000090500000, 0x0000000090600000, 0x0000000090600000|100%| E|CS|TAMS 0x0000000090500000, 0x0000000090500000| Complete 
| 110|0x0000000090600000, 0x0000000090700000, 0x0000000090700000|100%| E|CS|TAMS 0x0000000090600000, 0x0000000090600000| Complete 
| 111|0x0000000090700000, 0x0000000090800000, 0x0000000090800000|100%| E|CS|TAMS 0x0000000090700000, 0x0000000090700000| Complete 
| 112|0x0000000090800000, 0x0000000090900000, 0x0000000090900000|100%| E|CS|TAMS 0x0000000090800000, 0x0000000090800000| Complete 
| 113|0x0000000090900000, 0x0000000090a00000, 0x0000000090a00000|100%| E|CS|TAMS 0x0000000090900000, 0x0000000090900000| Complete 
| 114|0x0000000090a00000, 0x0000000090b00000, 0x0000000090b00000|100%| E|CS|TAMS 0x0000000090a00000, 0x0000000090a00000| Complete 
| 115|0x0000000090b00000, 0x0000000090c00000, 0x0000000090c00000|100%| E|CS|TAMS 0x0000000090b00000, 0x0000000090b00000| Complete 
| 116|0x0000000090c00000, 0x0000000090d00000, 0x0000000090d00000|100%| E|CS|TAMS 0x0000000090c00000, 0x0000000090c00000| Complete 
| 117|0x0000000090d00000, 0x0000000090e00000, 0x0000000090e00000|100%| E|CS|TAMS 0x0000000090d00000, 0x0000000090d00000| Complete 
| 118|0x0000000090e00000, 0x0000000090f00000, 0x0000000090f00000|100%| E|  |TAMS 0x0000000090e00000, 0x0000000090e00000| Complete 
| 119|0x0000000090f00000, 0x0000000091000000, 0x0000000091000000|100%| E|CS|TAMS 0x0000000090f00000, 0x0000000090f00000| Complete 

Card table byte_map: [0x0000025eb5570000,0x0000025eb5930000] _byte_map_base: 0x0000025eb5124000

Marking Bits (Prev, Next): (CMBitMap*) 0x0000025e9d4ee758, (CMBitMap*) 0x0000025e9d4ee798
 Prev Bits: [0x0000025eb5cf0000, 0x0000025eb7a90000)
 Next Bits: [0x0000025eb7a90000, 0x0000025eb9830000)

Polling page: 0x0000025e9b2f0000

Metaspace:

Usage:
  Non-class:      4.94 MB capacity,     4.41 MB ( 89%) used,   532.14 KB ( 11%) free+waste,     7.38 KB ( <1%) overhead. 
      Class:    550.00 KB capacity,   484.89 KB ( 88%) used,    60.80 KB ( 11%) free+waste,     4.31 KB ( <1%) overhead. 
       Both:      5.47 MB capacity,     4.88 MB ( 89%) used,   592.94 KB ( 11%) free+waste,    11.69 KB ( <1%) overhead. 

Virtual space:
  Non-class space:        8.00 MB reserved,       5.00 MB ( 63%) committed 
      Class space:        1.00 GB reserved,     640.00 KB ( <1%) committed 
             Both:        1.01 GB reserved,       5.63 MB ( <1%) committed 

Chunk freelists:
   Non-Class:  0 bytes
       Class:  0 bytes
        Both:  0 bytes

MaxMetaspaceSize: 17179869184.00 GB
CompressedClassSpaceSize: 1.00 GB

CodeHeap 'non-profiled nmethods': size=120000Kb used=251Kb max_used=251Kb free=119748Kb
 bounds [0x0000025ead730000, 0x0000025ead9a0000, 0x0000025eb4c60000]
CodeHeap 'profiled nmethods': size=120000Kb used=1293Kb max_used=1293Kb free=118706Kb
 bounds [0x0000025ea6200000, 0x0000025ea6470000, 0x0000025ead730000]
CodeHeap 'non-nmethods': size=5760Kb used=1170Kb max_used=1184Kb free=4589Kb
 bounds [0x0000025ea5c60000, 0x0000025ea5ed0000, 0x0000025ea6200000]
 total_blobs=1219 nmethods=794 adapters=338
 compilation: enabled
              stopped_count=0, restarted_count=0
 full_count=0

Compilation events (20 events):
Event: 5.057 Thread 0x0000025ebc4ac000 nmethod 785 0x0000025ead76e410 code [0x0000025ead76e5c0, 0x0000025ead76e7f8]
Event: 5.057 Thread 0x0000025ebc4ac000  786       4       java.lang.AbstractStringBuilder::getCoder (15 bytes)
Event: 5.057 Thread 0x0000025ebc4b5000 nmethod 783 0x0000025ea633fb90 code [0x0000025ea633fd60, 0x0000025ea63400f8]
Event: 5.057 Thread 0x0000025ebc4b5000  784       3       java.util.StringTokenizer::hasMoreTokens (29 bytes)
Event: 5.058 Thread 0x0000025ebc4b5000 nmethod 784 0x0000025ea6340290 code [0x0000025ea6340440, 0x0000025ea6340608]
Event: 5.058 Thread 0x0000025ebc4b5000  787       3       sun.nio.cs.SingleByte$Encoder::encode (32 bytes)
Event: 5.058 Thread 0x0000025ebc4ac000 nmethod 786 0x0000025ead76e990 code [0x0000025ead76eb00, 0x0000025ead76eb78]
Event: 5.058 Thread 0x0000025ebc4b5000 nmethod 787 0x0000025ea6340690 code [0x0000025ea6340840, 0x0000025ea6340a18]
Event: 5.160 Thread 0x0000025ebc4b5000  788       3       java.util.zip.ZipUtils::CENCOM (9 bytes)
Event: 5.161 Thread 0x0000025ebc4b5000 nmethod 788 0x0000025ea6340b90 code [0x0000025ea6340d40, 0x0000025ea6340ed8]
Event: 5.161 Thread 0x0000025ebc4b5000  789       3       java.util.zip.ZipUtils::CENFLG (9 bytes)
Event: 5.161 Thread 0x0000025ebc4b5000 nmethod 789 0x0000025ea6341010 code [0x0000025ea63411c0, 0x0000025ea6341358]
Event: 5.161 Thread 0x0000025ebc4b5000  790       3       java.util.jar.JarVerifier::update (43 bytes)
Event: 5.161 Thread 0x0000025ebc4b5000 nmethod 790 0x0000025ea6341490 code [0x0000025ea6341660, 0x0000025ea6341988]
Event: 5.163 Thread 0x0000025ebc4b5000  791       3       java.lang.Character::digit (6 bytes)
Event: 5.164 Thread 0x0000025ebc4b5000 nmethod 791 0x0000025ea6341a90 code [0x0000025ea6341c40, 0x0000025ea6341e78]
Event: 5.164 Thread 0x0000025ebc4b5000  792       3       java.lang.invoke.MemberName$Factory::resolveOrFail (53 bytes)
Event: 5.164 Thread 0x0000025ebc4b5000 nmethod 792 0x0000025ea6341f90 code [0x0000025ea63421a0, 0x0000025ea6342958]
Event: 5.165 Thread 0x0000025ebc4b5000  793       1       java.lang.Thread::isInterrupted (5 bytes)
Event: 5.165 Thread 0x0000025ebc4b5000 nmethod 793 0x0000025ead76ec90 code [0x0000025ead76ee20, 0x0000025ead76eef8]

GC Heap History (0 events):
No events

Deoptimization events (20 events):
Event: 0.222 Thread 0x0000025e9d4a9000 DEOPT PACKING pc=0x0000025ea6281a5d sp=0x000000aa80efc2e0
Event: 0.222 Thread 0x0000025e9d4a9000 DEOPT UNPACKING pc=0x0000025ea5ca964e sp=0x000000aa80efb798 mode 0
Event: 0.222 Thread 0x0000025e9d4a9000 DEOPT PACKING pc=0x0000025ea6281a5d sp=0x000000aa80efc2e0
Event: 0.222 Thread 0x0000025e9d4a9000 DEOPT UNPACKING pc=0x0000025ea5ca964e sp=0x000000aa80efb798 mode 0
Event: 0.222 Thread 0x0000025e9d4a9000 DEOPT PACKING pc=0x0000025ea6281a5d sp=0x000000aa80efc2e0
Event: 0.222 Thread 0x0000025e9d4a9000 DEOPT UNPACKING pc=0x0000025ea5ca964e sp=0x000000aa80efb798 mode 0
Event: 0.223 Thread 0x0000025e9d4a9000 DEOPT PACKING pc=0x0000025ea6281a5d sp=0x000000aa80efc2e0
Event: 0.223 Thread 0x0000025e9d4a9000 DEOPT UNPACKING pc=0x0000025ea5ca964e sp=0x000000aa80efb798 mode 0
Event: 0.223 Thread 0x0000025e9d4a9000 DEOPT PACKING pc=0x0000025ea6281828 sp=0x000000aa80efc2e0
Event: 0.223 Thread 0x0000025e9d4a9000 DEOPT UNPACKING pc=0x0000025ea5ca964e sp=0x000000aa80efb798 mode 0
Event: 0.223 Thread 0x0000025e9d4a9000 DEOPT PACKING pc=0x0000025ea6281828 sp=0x000000aa80efc2e0
Event: 0.223 Thread 0x0000025e9d4a9000 DEOPT UNPACKING pc=0x0000025ea5ca964e sp=0x000000aa80efb798 mode 0
Event: 0.341 Thread 0x0000025e9d4a9000 Uncommon trap: trap_request=0xffffff45 fr.pc=0x0000025ead73cec8 relative=0x0000000000000108
Event: 0.341 Thread 0x0000025e9d4a9000 Uncommon trap: reason=unstable_if action=reinterpret pc=0x0000025ead73cec8 method=java.lang.CharacterDataLatin1.digit(II)I @ 12 c2
Event: 0.341 Thread 0x0000025e9d4a9000 DEOPT PACKING pc=0x0000025ead73cec8 sp=0x000000aa80efe810
Event: 0.341 Thread 0x0000025e9d4a9000 DEOPT UNPACKING pc=0x0000025ea5ca912f sp=0x000000aa80efe6c8 mode 2
Event: 5.160 Thread 0x0000025e9d4a9000 Uncommon trap: trap_request=0xffffff45 fr.pc=0x0000025ead73d334 relative=0x00000000000000f4
Event: 5.160 Thread 0x0000025e9d4a9000 Uncommon trap: reason=unstable_if action=reinterpret pc=0x0000025ead73d334 method=java.lang.CharacterDataLatin1.digit(II)I @ 12 c2
Event: 5.160 Thread 0x0000025e9d4a9000 DEOPT PACKING pc=0x0000025ead73d334 sp=0x000000aa80efe8b0
Event: 5.160 Thread 0x0000025e9d4a9000 DEOPT UNPACKING pc=0x0000025ea5ca912f sp=0x000000aa80efe840 mode 2

Classes unloaded (0 events):
No events

Classes redefined (0 events):
No events

Internal exceptions (4 events):
Event: 0.353 Thread 0x0000025e9d4a9000 Exception <a 'java/lang/NoSuchMethodError'{0x00000000907a09a8}: 'java.lang.Object java.lang.invoke.DirectMethodHandle$Holder.invokeStaticInit(java.lang.Object, int, int, int, int)'> (0x00000000907a09a8) 
thrown [./open/src/hotspot/share/interpreter/linkResolver.cpp, line 766]
Event: 0.391 Thread 0x0000025e9d4a9000 Exception <a 'java/lang/NoSuchMethodError'{0x0000000090612788}: 'java.lang.Object java.lang.invoke.DirectMethodHandle$Holder.invokeStaticInit(java.lang.Object, java.lang.Object, int, int, int, int)'> (0x0000000090612788) 
thrown [./open/src/hotspot/share/interpreter/linkResolver.cpp, line 766]
Event: 5.022 Thread 0x0000025e9d4a9000 Exception <a 'sun/net/ConnectionResetException'{0x000000009061a2a8}: Connection reset> (0x000000009061a2a8) 
thrown [./open/src/hotspot/share/prims/jni.cpp, line 620]
Event: 5.044 Thread 0x0000025e9d4a9000 Exception <a 'java/lang/ClassNotFoundException'{0x00000000906bdde8}: sun/util/logging/resources/spi/loggingProvider> (0x00000000906bdde8) 
thrown [./open/src/hotspot/share/classfile/systemDictionary.cpp, line 226]

Events (20 events):
Event: 5.162 loading class java/lang/Thread$State
Event: 5.162 loading class java/lang/Thread$State done
Event: 5.163 Thread 0x0000025ebd0dd000 Thread added: 0x0000025ebd0dd000
Event: 5.163 Thread 0x0000025ebd136800 Thread added: 0x0000025ebd136800
Event: 5.163 Thread 0x0000025ebd386800 Thread added: 0x0000025ebd386800
Event: 5.163 Thread 0x0000025ebcead800 Thread added: 0x0000025ebcead800
Event: 5.163 Thread 0x0000025ebceae800 Thread added: 0x0000025ebceae800
Event: 5.163 Thread 0x0000025ebceaf000 Thread added: 0x0000025ebceaf000
Event: 5.163 Thread 0x0000025ebceb0000 Thread added: 0x0000025ebceb0000
Event: 5.163 Thread 0x0000025ebce5c800 Thread added: 0x0000025ebce5c800
Event: 5.163 Thread 0x0000025ebd37c800 Thread added: 0x0000025ebd37c800
Event: 5.163 Thread 0x0000025ebd381800 Thread added: 0x0000025ebd381800
Event: 5.164 Executing VM operation: HandshakeOneThread
Event: 5.164 Executing VM operation: HandshakeOneThread done
Event: 5.164 Executing VM operation: HandshakeOneThread
Event: 5.164 Executing VM operation: HandshakeOneThread done
Event: 5.165 Executing VM operation: HandshakeOneThread
Event: 5.165 Executing VM operation: HandshakeOneThread done
Event: 5.165 Executing VM operation: HandshakeOneThread
Event: 5.165 Executing VM operation: HandshakeOneThread done


Dynamic libraries:
0x00007ff67e2d0000 - 0x00007ff67e2df000 	C:\Program Files\Java\jdk-14.0.2\bin\javaw.exe
0x00007ffc2e1b0000 - 0x00007ffc2e3a5000 	C:\WINDOWS\SYSTEM32\ntdll.dll
0x00007ffc2dcc0000 - 0x00007ffc2dd7d000 	C:\WINDOWS\System32\KERNEL32.DLL
0x00007ffc2bda0000 - 0x00007ffc2c068000 	C:\WINDOWS\System32\KERNELBASE.dll
0x00007ffc2c110000 - 0x00007ffc2c210000 	C:\WINDOWS\System32\ucrtbase.dll
0x00007ffbed6b0000 - 0x00007ffbed6c8000 	C:\Program Files\Java\jdk-14.0.2\bin\jli.dll
0x00007ffc2d490000 - 0x00007ffc2d53c000 	C:\WINDOWS\System32\ADVAPI32.dll
0x00007ffc2dba0000 - 0x00007ffc2dc3e000 	C:\WINDOWS\System32\msvcrt.dll
0x00007ffbf8e20000 - 0x00007ffbf8e35000 	C:\Program Files\Java\jdk-14.0.2\bin\VCRUNTIME140.dll
0x00007ffc2df00000 - 0x00007ffc2df9b000 	C:\WINDOWS\System32\sechost.dll
0x00007ffc2c210000 - 0x00007ffc2c33b000 	C:\WINDOWS\System32\RPCRT4.dll
0x00007ffc2d2f0000 - 0x00007ffc2d490000 	C:\WINDOWS\System32\USER32.dll
0x00007ffc2bb00000 - 0x00007ffc2bb22000 	C:\WINDOWS\System32\win32u.dll
0x00007ffc19580000 - 0x00007ffc1981a000 	C:\WINDOWS\WinSxS\amd64_microsoft.windows.common-controls_6595b64144ccf1df_6.0.19041.844_none_ca00b6081b84eb1d\COMCTL32.dll
0x00007ffc2c680000 - 0x00007ffc2c6aa000 	C:\WINDOWS\System32\GDI32.dll
0x00007ffc2bbb0000 - 0x00007ffc2bcbb000 	C:\WINDOWS\System32\gdi32full.dll
0x00007ffc2c070000 - 0x00007ffc2c10d000 	C:\WINDOWS\System32\msvcp_win.dll
0x00007ffc226d0000 - 0x00007ffc226da000 	C:\WINDOWS\SYSTEM32\VERSION.dll
0x00007ffc2db70000 - 0x00007ffc2dba0000 	C:\WINDOWS\System32\IMM32.DLL
0x00007ffbc6930000 - 0x00007ffbc69cb000 	C:\Program Files\Java\jdk-14.0.2\bin\msvcp140.dll
0x00007ffb97d80000 - 0x00007ffb9889e000 	C:\Program Files\Java\jdk-14.0.2\bin\server\jvm.dll
0x00007ffc2dcb0000 - 0x00007ffc2dcb8000 	C:\WINDOWS\System32\PSAPI.DLL
0x00007ffc22580000 - 0x00007ffc225a7000 	C:\WINDOWS\SYSTEM32\WINMM.dll
0x00007ffc245a0000 - 0x00007ffc245a9000 	C:\WINDOWS\SYSTEM32\WSOCK32.dll
0x00007ffc2dc40000 - 0x00007ffc2dcab000 	C:\WINDOWS\System32\WS2_32.dll
0x00007ffc29840000 - 0x00007ffc29852000 	C:\WINDOWS\SYSTEM32\kernel.appcore.dll
0x00007ffc23610000 - 0x00007ffc2361a000 	C:\Program Files\Java\jdk-14.0.2\bin\jimage.dll
0x00007ffc214c0000 - 0x00007ffc216a4000 	C:\WINDOWS\SYSTEM32\DBGHELP.DLL
0x00007ffc14190000 - 0x00007ffc141bc000 	C:\WINDOWS\SYSTEM32\dbgcore.DLL
0x00007ffc2bb30000 - 0x00007ffc2bbb0000 	C:\WINDOWS\System32\bcryptPrimitives.dll
0x00007ffc16180000 - 0x00007ffc161a5000 	C:\Program Files\Java\jdk-14.0.2\bin\java.dll
0x00007ffc20d10000 - 0x00007ffc20d26000 	C:\Program Files\Java\jdk-14.0.2\bin\zip.dll
0x00007ffc2c6b0000 - 0x00007ffc2cdf2000 	C:\WINDOWS\System32\SHELL32.dll
0x00007ffc29a40000 - 0x00007ffc2a1d0000 	C:\WINDOWS\SYSTEM32\windows.storage.dll
0x00007ffc2cf90000 - 0x00007ffc2d2e5000 	C:\WINDOWS\System32\combase.dll
0x00007ffc2b2f0000 - 0x00007ffc2b31c000 	C:\WINDOWS\SYSTEM32\Wldp.dll
0x00007ffc2ce10000 - 0x00007ffc2cebe000 	C:\WINDOWS\System32\SHCORE.dll
0x00007ffc2c4f0000 - 0x00007ffc2c545000 	C:\WINDOWS\System32\shlwapi.dll
0x00007ffc2b830000 - 0x00007ffc2b84f000 	C:\WINDOWS\SYSTEM32\profapi.dll
0x00007ffc20b30000 - 0x00007ffc20b49000 	C:\Program Files\Java\jdk-14.0.2\bin\net.dll
0x00007ffc228d0000 - 0x00007ffc229db000 	C:\WINDOWS\SYSTEM32\WINHTTP.dll
0x00007ffc2b000000 - 0x00007ffc2b06a000 	C:\WINDOWS\system32\mswsock.dll
0x00007ffc1fa90000 - 0x00007ffc1faa2000 	C:\Program Files\Java\jdk-14.0.2\bin\nio.dll
0x00007ffc148a0000 - 0x00007ffc148b7000 	C:\WINDOWS\system32\napinsp.dll
0x00007ffc148e0000 - 0x00007ffc148fb000 	C:\WINDOWS\system32\pnrpnsp.dll
0x00007ffc26530000 - 0x00007ffc26545000 	C:\WINDOWS\system32\wshbth.dll
0x00007ffc27350000 - 0x00007ffc2736d000 	C:\WINDOWS\system32\NLAapi.dll
0x00007ffc2acf0000 - 0x00007ffc2ad2b000 	C:\WINDOWS\SYSTEM32\IPHLPAPI.DLL
0x00007ffc2ad30000 - 0x00007ffc2adfc000 	C:\WINDOWS\SYSTEM32\DNSAPI.dll
0x00007ffc2def0000 - 0x00007ffc2def8000 	C:\WINDOWS\System32\NSI.dll
0x00007ffc149f0000 - 0x00007ffc14a02000 	C:\WINDOWS\System32\winrnr.dll
0x00007ffc227c0000 - 0x00007ffc227ca000 	C:\Windows\System32\rasadhlp.dll
0x00007ffc225b0000 - 0x00007ffc2262f000 	C:\WINDOWS\System32\fwpuclnt.dll
0x00007ffc2bd70000 - 0x00007ffc2bd97000 	C:\WINDOWS\System32\bcrypt.dll
0x00007ffc2b1d0000 - 0x00007ffc2b1e8000 	C:\WINDOWS\SYSTEM32\CRYPTSP.dll
0x00007ffc2a9a0000 - 0x00007ffc2a9d4000 	C:\WINDOWS\system32\rsaenh.dll
0x00007ffc2b7f0000 - 0x00007ffc2b81e000 	C:\WINDOWS\SYSTEM32\USERENV.dll
0x00007ffc2b1f0000 - 0x00007ffc2b1fc000 	C:\WINDOWS\SYSTEM32\CRYPTBASE.dll
0x00007ffc24a90000 - 0x00007ffc24aa7000 	C:\WINDOWS\SYSTEM32\dhcpcsvc6.DLL
0x00007ffc249c0000 - 0x00007ffc249dd000 	C:\WINDOWS\SYSTEM32\dhcpcsvc.DLL

dbghelp: loaded successfully - version: 4.0.5 - missing functions: none
symbol engine: initialized successfully - sym options: 0x614 - pdb path: .;C:\Program Files\Java\jdk-14.0.2\bin;C:\WINDOWS\SYSTEM32;C:\WINDOWS\WinSxS\amd64_microsoft.windows.common-controls_6595b64144ccf1df_6.0.19041.844_none_ca00b6081b84eb1d;C:\Program Files\Java\jdk-14.0.2\bin\server

VM Arguments:
jvm_args: -Dfile.encoding=Cp1252 -XX:+ShowCodeDetailsInExceptionMessages 
java_command: XML.XMLhandler
java_class_path (initial): V:\Java\WINDOWS\bin;V:\Java\SQL INTERFACE\mssql-jdbc-8.4.1.jre8.jar
Launcher Type: SUN_STANDARD

[Global flags]
     intx CICompilerCount                          = 4                                         {product} {ergonomic}
     uint ConcGCThreads                            = 3                                         {product} {ergonomic}
     uint G1ConcRefinementThreads                  = 10                                        {product} {ergonomic}
   size_t G1HeapRegionSize                         = 1048576                                   {product} {ergonomic}
    uintx GCDrainStackTargetSize                   = 64                                        {product} {ergonomic}
   size_t InitialHeapSize                          = 125829120                                 {product} {ergonomic}
   size_t MarkStackSize                            = 4194304                                   {product} {ergonomic}
   size_t MaxHeapSize                              = 1988100096                                {product} {ergonomic}
   size_t MaxNewSize                               = 1192230912                                {product} {ergonomic}
   size_t MinHeapDeltaBytes                        = 1048576                                   {product} {ergonomic}
   size_t MinHeapSize                              = 8388608                                   {product} {ergonomic}
    uintx NonNMethodCodeHeapSize                   = 5839372                                {pd product} {ergonomic}
    uintx NonProfiledCodeHeapSize                  = 122909434                              {pd product} {ergonomic}
    uintx ProfiledCodeHeapSize                     = 122909434                              {pd product} {ergonomic}
    uintx ReservedCodeCacheSize                    = 251658240                              {pd product} {ergonomic}
     bool SegmentedCodeCache                       = true                                      {product} {ergonomic}
     bool ShowCodeDetailsInExceptionMessages       = true                                   {manageable} {command line}
   size_t SoftMaxHeapSize                          = 1988100096                             {manageable} {ergonomic}
     bool UseCompressedClassPointers               = true                                 {lp64_product} {ergonomic}
     bool UseCompressedOops                        = true                                 {lp64_product} {ergonomic}
     bool UseG1GC                                  = true                                      {product} {ergonomic}
     bool UseLargePagesIndividualAllocation        = false                                  {pd product} {ergonomic}

Logging:
Log output configuration:
 #0: stdout all=warning uptime,level,tags
 #1: stderr all=off uptime,level,tags

Environment Variables:
PATH=C:/Program Files/Java/jdk-14.0.2/bin/server;C:/Program Files/Java/jdk-14.0.2/bin;C:\Program Files\Microsoft MPI\Bin\;C:\Program Files (x86)\Common Files\Oracle\Java\javapath;C:\WINDOWS\system32;C:\WINDOWS;C:\WINDOWS\System32\Wbem;C:\WINDOWS\System32\WindowsPowerShell\v1.0\;C:\WINDOWS\System32\OpenSSH\;C:\Program Files\Microsoft SQL Server\Client SDK\ODBC\110\Tools\Binn\;C:\Program Files\Azure Data Studio\bin;C:\Program Files (x86)\Microsoft SQL Server\150\DTS\Binn\;C:\Program Files\Microsoft SQL Server\Client SDK\ODBC\170\Tools\Binn\;C:\Program Files (x86)\Microsoft SQL Server\150\Tools\Binn\;C:\Program Files\Microsoft SQL Server\150\Tools\Binn\;C:\Program Files\Microsoft SQL Server\150\DTS\Binn\;C:\Program Files (x86)\dotnet\;C:\Program Files\nodejs\;C:\Users\ADMIN\AppData\Local\Microsoft\WindowsApps;C:\Users\ADMIN\AppData\Local\Programs\Microsoft VS Code\bin;C:\Program Files\Azure Data Studio\bin;C:\Users\ADMIN\AppData\Local\atom\bin;C:\ProgramData\ADMIN\atom\bin;C:\Users\ADMIN\AppData\Local\Microsoft\WindowsApps;C:\Users\ADMIN\AppData\Roaming\npm;C:\xampp\php;;C:\WINDOWS\System32;
USERNAME=ADMIN
OS=Windows_NT
PROCESSOR_IDENTIFIER=AMD64 Family 23 Model 96 Stepping 1, AuthenticAMD



---------------  S Y S T E M  ---------------

OS: Windows 10 , 64 bit Build 19041 (10.0.19041.928)
OS uptime: 2 days 15:17 hours

CPU:total 12 (initial active 12) (12 cores per cpu, 2 threads per core) family 23 model 96 stepping 1, cmov, cx8, fxsr, mmx, sse, sse2, sse3, ssse3, sse4.1, sse4.2, popcnt, avx, avx2, aes, clmul, mmxext, 3dnowpref, lzcnt, sse4a, ht, tsc, tscinvbit, tscinv, bmi1, bmi2, adx, sha, fma

Memory: 4k page, system-wide physical 7579M (568M free)
TotalPageFile size 31131M (AvailPageFile size 0M)
current process WorkingSet (physical memory assigned to process): 53M, peak: 57M
current process commit charge ("private bytes"): 215M, peak: 219M

vm_info: Java HotSpot(TM) 64-Bit Server VM (14.0.2+12-46) for windows-amd64 JRE (14.0.2+12-46), built on Jul  9 2020 00:35:52 by "mach5one" with MS VC++ 15.9 (VS2017)

END.
