#
# There is insufficient memory for the Java Runtime Environment to continue.
# Native memory allocation (malloc) failed to allocate 708016 bytes for Chunk::new
# Possible reasons:
#   The system is out of physical RAM or swap space
#   The process is running with CompressedOops enabled, and the Java Heap may be blocking the growth of the native heap
# Possible solutions:
#   Reduce memory load on the system
#   Increase physical memory or swap space
#   Check if swap backing store is full
#   Decrease Java heap size (-Xmx/-Xms)
#   Decrease number of Java threads
#   Decrease Java thread stack sizes (-Xss)
#   Set larger code cache with -XX:ReservedCodeCacheSize=
#   JVM is running with Unscaled Compressed Oops mode in which the Java heap is
#     placed in the first 4GB address space. The Java Heap base address is the
#     maximum limit for the native heap growth. Please use -XX:HeapBaseMinAddress
#     to set the Java Heap base and to place the Java Heap above 4GB virtual address.
# This output file may be truncated or incomplete.
#
#  Out of Memory Error (./open/src/hotspot/share/memory/arena.cpp:195), pid=15564, tid=9592
#
# JRE version: Java(TM) SE Runtime Environment (14.0.2+12) (build 14.0.2+12-46)
# Java VM: Java HotSpot(TM) 64-Bit Server VM (14.0.2+12-46, mixed mode, sharing, tiered, compressed oops, g1 gc, windows-amd64)
# No core dump will be written. Minidumps are not enabled by default on client versions of Windows
#

---------------  S U M M A R Y ------------

Command Line: -Dfile.encoding=Cp1252 -XX:+ShowCodeDetailsInExceptionMessages XML.XMLhandler

Host: AMD Ryzen 5 4600H with Radeon Graphics         , 12 cores, 7G,  Windows 10 , 64 bit Build 19041 (10.0.19041.928)
Time: Mon Jun  7 23:44:28 2021 SE Asia Standard Time elapsed time: 0 seconds (0d 0h 0m 0s)

---------------  T H R E A D  ---------------

Current thread (0x0000014029be6800):  JavaThread "C2 CompilerThread1" daemon [_thread_in_native, id=9592, stack(0x0000003490b00000,0x0000003490c00000)]


Current CompileTask:
C2:    316  550   !   4       java.util.jar.Attributes::read (530 bytes)

Stack: [0x0000003490b00000,0x0000003490c00000]
Native frames: (J=compiled Java code, j=interpreted, Vv=VM code, C=native code)
V  [jvm.dll+0x5f8a9a]
V  [jvm.dll+0x74247a]
V  [jvm.dll+0x743c2f]
V  [jvm.dll+0x744273]
V  [jvm.dll+0x20d288]
V  [jvm.dll+0xabb07]
V  [jvm.dll+0xac1fc]
V  [jvm.dll+0x31c438]
V  [jvm.dll+0x2e6b38]
V  [jvm.dll+0x2e5f3a]
V  [jvm.dll+0x1e5e16]
V  [jvm.dll+0x1e50b8]
V  [jvm.dll+0x1779cc]
V  [jvm.dll+0x1f4105]
V  [jvm.dll+0x1f22eb]
V  [jvm.dll+0x7070cd]
V  [jvm.dll+0x6ffeda]
V  [jvm.dll+0x5f78f6]
C  [ucrtbase.dll+0x21bb2]
C  [KERNEL32.DLL+0x17034]
C  [ntdll.dll+0x52651]


---------------  P R O C E S S  ---------------

Threads class SMR info:
_java_thread_list=0x0000014029be1ec0, length=12, elements={
0x0000014007fa8800, 0x0000014028f61800, 0x0000014028f63000, 0x0000014028f81800,
0x0000014028f84800, 0x0000014028f86000, 0x0000014028f89000, 0x0000014028f8e000,
0x0000014028f99800, 0x00000140299d6000, 0x00000140299d7000, 0x0000014029be6800
}

Java Threads: ( => current thread )
  0x0000014007fa8800 JavaThread "main" [_thread_in_native, id=16984, stack(0x000000348f900000,0x000000348fa00000)]
  0x0000014028f61800 JavaThread "Reference Handler" daemon [_thread_blocked, id=4912, stack(0x0000003490000000,0x0000003490100000)]
  0x0000014028f63000 JavaThread "Finalizer" daemon [_thread_blocked, id=10952, stack(0x0000003490100000,0x0000003490200000)]
  0x0000014028f81800 JavaThread "Signal Dispatcher" daemon [_thread_blocked, id=22124, stack(0x0000003490200000,0x0000003490300000)]
  0x0000014028f84800 JavaThread "Attach Listener" daemon [_thread_blocked, id=9476, stack(0x0000003490300000,0x0000003490400000)]
  0x0000014028f86000 JavaThread "Service Thread" daemon [_thread_blocked, id=23020, stack(0x0000003490400000,0x0000003490500000)]
  0x0000014028f89000 JavaThread "C2 CompilerThread0" daemon [_thread_blocked, id=17184, stack(0x0000003490500000,0x0000003490600000)]
  0x0000014028f8e000 JavaThread "C1 CompilerThread0" daemon [_thread_blocked, id=23604, stack(0x0000003490600000,0x0000003490700000)]
  0x0000014028f99800 JavaThread "Sweeper thread" daemon [_thread_blocked, id=31136, stack(0x0000003490700000,0x0000003490800000)]
  0x00000140299d6000 JavaThread "Notification Thread" daemon [_thread_blocked, id=31720, stack(0x0000003490800000,0x0000003490900000)]
  0x00000140299d7000 JavaThread "Common-Cleaner" daemon [_thread_blocked, id=10468, stack(0x0000003490a00000,0x0000003490b00000)]
=>0x0000014029be6800 JavaThread "C2 CompilerThread1" daemon [_thread_in_native, id=9592, stack(0x0000003490b00000,0x0000003490c00000)]

Other Threads:
  0x0000014028f5d800 VMThread "VM Thread" [stack: 0x000000348ff00000,0x0000003490000000] [id=13416]
  0x00000140299dc800 WatcherThread [stack: 0x0000003490900000,0x0000003490a00000] [id=2464]
  0x0000014007fec800 GCTaskThread "GC Thread#0" [stack: 0x000000348fa00000,0x000000348fb00000] [id=2184]
  0x000001400801c000 ConcurrentGCThread "G1 Main Marker" [stack: 0x000000348fb00000,0x000000348fc00000] [id=9936]
  0x000001400801d000 ConcurrentGCThread "G1 Conc#0" [stack: 0x000000348fc00000,0x000000348fd00000] [id=7700]
  0x000001400808d800 ConcurrentGCThread "G1 Refine#0" [stack: 0x000000348fd00000,0x000000348fe00000] [id=15396]
  0x0000014028dd3800 ConcurrentGCThread "G1 Young RemSet Sampling" [stack: 0x000000348fe00000,0x000000348ff00000] [id=30420]

Threads with active compile tasks:
C2 CompilerThread1      330  550   !   4       java.util.jar.Attributes::read (530 bytes)

VM state:not at safepoint (normal execution)

VM Mutex/Monitor currently owned by a thread: None

Heap address: 0x0000000089800000, size: 1896 MB, Compressed Oops mode: 32-bit
Narrow klass base: 0x0000000800000000, Narrow klass shift: 3
Compressed class space size: 1073741824 Address: 0x0000000800b30000

Heap:
 garbage-first heap   total 122880K, used 7168K [0x0000000089800000, 0x0000000100000000)
  region size 1024K, 9 young (9216K), 0 survivors (0K)
 Metaspace       used 3931K, capacity 5402K, committed 5760K, reserved 1056768K
  class space    used 372K, capacity 522K, committed 640K, reserved 1048576K
Heap Regions: E=young(eden), S=young(survivor), O=old, HS=humongous(starts), HC=humongous(continues), CS=collection set, F=free, OA=open archive, CA=closed archive, TAMS=top-at-mark-start (previous, next)
|   0|0x0000000089800000, 0x0000000089800000, 0x0000000089900000|  0%| F|  |TAMS 0x0000000089800000, 0x0000000089800000| Untracked 
|   1|0x0000000089900000, 0x0000000089900000, 0x0000000089a00000|  0%| F|  |TAMS 0x0000000089900000, 0x0000000089900000| Untracked 
|   2|0x0000000089a00000, 0x0000000089a00000, 0x0000000089b00000|  0%| F|  |TAMS 0x0000000089a00000, 0x0000000089a00000| Untracked 
|   3|0x0000000089b00000, 0x0000000089b00000, 0x0000000089c00000|  0%| F|  |TAMS 0x0000000089b00000, 0x0000000089b00000| Untracked 
|   4|0x0000000089c00000, 0x0000000089c00000, 0x0000000089d00000|  0%| F|  |TAMS 0x0000000089c00000, 0x0000000089c00000| Untracked 
|   5|0x0000000089d00000, 0x0000000089d00000, 0x0000000089e00000|  0%| F|  |TAMS 0x0000000089d00000, 0x0000000089d00000| Untracked 
|   6|0x0000000089e00000, 0x0000000089e00000, 0x0000000089f00000|  0%| F|  |TAMS 0x0000000089e00000, 0x0000000089e00000| Untracked 
|   7|0x0000000089f00000, 0x0000000089f00000, 0x000000008a000000|  0%| F|  |TAMS 0x0000000089f00000, 0x0000000089f00000| Untracked 
|   8|0x000000008a000000, 0x000000008a000000, 0x000000008a100000|  0%| F|  |TAMS 0x000000008a000000, 0x000000008a000000| Untracked 
|   9|0x000000008a100000, 0x000000008a100000, 0x000000008a200000|  0%| F|  |TAMS 0x000000008a100000, 0x000000008a100000| Untracked 
|  10|0x000000008a200000, 0x000000008a200000, 0x000000008a300000|  0%| F|  |TAMS 0x000000008a200000, 0x000000008a200000| Untracked 
|  11|0x000000008a300000, 0x000000008a300000, 0x000000008a400000|  0%| F|  |TAMS 0x000000008a300000, 0x000000008a300000| Untracked 
|  12|0x000000008a400000, 0x000000008a400000, 0x000000008a500000|  0%| F|  |TAMS 0x000000008a400000, 0x000000008a400000| Untracked 
|  13|0x000000008a500000, 0x000000008a500000, 0x000000008a600000|  0%| F|  |TAMS 0x000000008a500000, 0x000000008a500000| Untracked 
|  14|0x000000008a600000, 0x000000008a600000, 0x000000008a700000|  0%| F|  |TAMS 0x000000008a600000, 0x000000008a600000| Untracked 
|  15|0x000000008a700000, 0x000000008a700000, 0x000000008a800000|  0%| F|  |TAMS 0x000000008a700000, 0x000000008a700000| Untracked 
|  16|0x000000008a800000, 0x000000008a800000, 0x000000008a900000|  0%| F|  |TAMS 0x000000008a800000, 0x000000008a800000| Untracked 
|  17|0x000000008a900000, 0x000000008a900000, 0x000000008aa00000|  0%| F|  |TAMS 0x000000008a900000, 0x000000008a900000| Untracked 
|  18|0x000000008aa00000, 0x000000008aa00000, 0x000000008ab00000|  0%| F|  |TAMS 0x000000008aa00000, 0x000000008aa00000| Untracked 
|  19|0x000000008ab00000, 0x000000008ab00000, 0x000000008ac00000|  0%| F|  |TAMS 0x000000008ab00000, 0x000000008ab00000| Untracked 
|  20|0x000000008ac00000, 0x000000008ac00000, 0x000000008ad00000|  0%| F|  |TAMS 0x000000008ac00000, 0x000000008ac00000| Untracked 
|  21|0x000000008ad00000, 0x000000008ad00000, 0x000000008ae00000|  0%| F|  |TAMS 0x000000008ad00000, 0x000000008ad00000| Untracked 
|  22|0x000000008ae00000, 0x000000008ae00000, 0x000000008af00000|  0%| F|  |TAMS 0x000000008ae00000, 0x000000008ae00000| Untracked 
|  23|0x000000008af00000, 0x000000008af00000, 0x000000008b000000|  0%| F|  |TAMS 0x000000008af00000, 0x000000008af00000| Untracked 
|  24|0x000000008b000000, 0x000000008b000000, 0x000000008b100000|  0%| F|  |TAMS 0x000000008b000000, 0x000000008b000000| Untracked 
|  25|0x000000008b100000, 0x000000008b100000, 0x000000008b200000|  0%| F|  |TAMS 0x000000008b100000, 0x000000008b100000| Untracked 
|  26|0x000000008b200000, 0x000000008b200000, 0x000000008b300000|  0%| F|  |TAMS 0x000000008b200000, 0x000000008b200000| Untracked 
|  27|0x000000008b300000, 0x000000008b300000, 0x000000008b400000|  0%| F|  |TAMS 0x000000008b300000, 0x000000008b300000| Untracked 
|  28|0x000000008b400000, 0x000000008b400000, 0x000000008b500000|  0%| F|  |TAMS 0x000000008b400000, 0x000000008b400000| Untracked 
|  29|0x000000008b500000, 0x000000008b500000, 0x000000008b600000|  0%| F|  |TAMS 0x000000008b500000, 0x000000008b500000| Untracked 
|  30|0x000000008b600000, 0x000000008b600000, 0x000000008b700000|  0%| F|  |TAMS 0x000000008b600000, 0x000000008b600000| Untracked 
|  31|0x000000008b700000, 0x000000008b700000, 0x000000008b800000|  0%| F|  |TAMS 0x000000008b700000, 0x000000008b700000| Untracked 
|  32|0x000000008b800000, 0x000000008b800000, 0x000000008b900000|  0%| F|  |TAMS 0x000000008b800000, 0x000000008b800000| Untracked 
|  33|0x000000008b900000, 0x000000008b900000, 0x000000008ba00000|  0%| F|  |TAMS 0x000000008b900000, 0x000000008b900000| Untracked 
|  34|0x000000008ba00000, 0x000000008ba00000, 0x000000008bb00000|  0%| F|  |TAMS 0x000000008ba00000, 0x000000008ba00000| Untracked 
|  35|0x000000008bb00000, 0x000000008bb00000, 0x000000008bc00000|  0%| F|  |TAMS 0x000000008bb00000, 0x000000008bb00000| Untracked 
|  36|0x000000008bc00000, 0x000000008bc00000, 0x000000008bd00000|  0%| F|  |TAMS 0x000000008bc00000, 0x000000008bc00000| Untracked 
|  37|0x000000008bd00000, 0x000000008bd00000, 0x000000008be00000|  0%| F|  |TAMS 0x000000008bd00000, 0x000000008bd00000| Untracked 
|  38|0x000000008be00000, 0x000000008be00000, 0x000000008bf00000|  0%| F|  |TAMS 0x000000008be00000, 0x000000008be00000| Untracked 
|  39|0x000000008bf00000, 0x000000008bf00000, 0x000000008c000000|  0%| F|  |TAMS 0x000000008bf00000, 0x000000008bf00000| Untracked 
|  40|0x000000008c000000, 0x000000008c000000, 0x000000008c100000|  0%| F|  |TAMS 0x000000008c000000, 0x000000008c000000| Untracked 
|  41|0x000000008c100000, 0x000000008c100000, 0x000000008c200000|  0%| F|  |TAMS 0x000000008c100000, 0x000000008c100000| Untracked 
|  42|0x000000008c200000, 0x000000008c200000, 0x000000008c300000|  0%| F|  |TAMS 0x000000008c200000, 0x000000008c200000| Untracked 
|  43|0x000000008c300000, 0x000000008c300000, 0x000000008c400000|  0%| F|  |TAMS 0x000000008c300000, 0x000000008c300000| Untracked 
|  44|0x000000008c400000, 0x000000008c400000, 0x000000008c500000|  0%| F|  |TAMS 0x000000008c400000, 0x000000008c400000| Untracked 
|  45|0x000000008c500000, 0x000000008c500000, 0x000000008c600000|  0%| F|  |TAMS 0x000000008c500000, 0x000000008c500000| Untracked 
|  46|0x000000008c600000, 0x000000008c600000, 0x000000008c700000|  0%| F|  |TAMS 0x000000008c600000, 0x000000008c600000| Untracked 
|  47|0x000000008c700000, 0x000000008c700000, 0x000000008c800000|  0%| F|  |TAMS 0x000000008c700000, 0x000000008c700000| Untracked 
|  48|0x000000008c800000, 0x000000008c800000, 0x000000008c900000|  0%| F|  |TAMS 0x000000008c800000, 0x000000008c800000| Untracked 
|  49|0x000000008c900000, 0x000000008c900000, 0x000000008ca00000|  0%| F|  |TAMS 0x000000008c900000, 0x000000008c900000| Untracked 
|  50|0x000000008ca00000, 0x000000008ca00000, 0x000000008cb00000|  0%| F|  |TAMS 0x000000008ca00000, 0x000000008ca00000| Untracked 
|  51|0x000000008cb00000, 0x000000008cb00000, 0x000000008cc00000|  0%| F|  |TAMS 0x000000008cb00000, 0x000000008cb00000| Untracked 
|  52|0x000000008cc00000, 0x000000008cc00000, 0x000000008cd00000|  0%| F|  |TAMS 0x000000008cc00000, 0x000000008cc00000| Untracked 
|  53|0x000000008cd00000, 0x000000008cd00000, 0x000000008ce00000|  0%| F|  |TAMS 0x000000008cd00000, 0x000000008cd00000| Untracked 
|  54|0x000000008ce00000, 0x000000008ce00000, 0x000000008cf00000|  0%| F|  |TAMS 0x000000008ce00000, 0x000000008ce00000| Untracked 
|  55|0x000000008cf00000, 0x000000008cf00000, 0x000000008d000000|  0%| F|  |TAMS 0x000000008cf00000, 0x000000008cf00000| Untracked 
|  56|0x000000008d000000, 0x000000008d000000, 0x000000008d100000|  0%| F|  |TAMS 0x000000008d000000, 0x000000008d000000| Untracked 
|  57|0x000000008d100000, 0x000000008d100000, 0x000000008d200000|  0%| F|  |TAMS 0x000000008d100000, 0x000000008d100000| Untracked 
|  58|0x000000008d200000, 0x000000008d200000, 0x000000008d300000|  0%| F|  |TAMS 0x000000008d200000, 0x000000008d200000| Untracked 
|  59|0x000000008d300000, 0x000000008d300000, 0x000000008d400000|  0%| F|  |TAMS 0x000000008d300000, 0x000000008d300000| Untracked 
|  60|0x000000008d400000, 0x000000008d400000, 0x000000008d500000|  0%| F|  |TAMS 0x000000008d400000, 0x000000008d400000| Untracked 
|  61|0x000000008d500000, 0x000000008d500000, 0x000000008d600000|  0%| F|  |TAMS 0x000000008d500000, 0x000000008d500000| Untracked 
|  62|0x000000008d600000, 0x000000008d600000, 0x000000008d700000|  0%| F|  |TAMS 0x000000008d600000, 0x000000008d600000| Untracked 
|  63|0x000000008d700000, 0x000000008d700000, 0x000000008d800000|  0%| F|  |TAMS 0x000000008d700000, 0x000000008d700000| Untracked 
|  64|0x000000008d800000, 0x000000008d800000, 0x000000008d900000|  0%| F|  |TAMS 0x000000008d800000, 0x000000008d800000| Untracked 
|  65|0x000000008d900000, 0x000000008d900000, 0x000000008da00000|  0%| F|  |TAMS 0x000000008d900000, 0x000000008d900000| Untracked 
|  66|0x000000008da00000, 0x000000008da00000, 0x000000008db00000|  0%| F|  |TAMS 0x000000008da00000, 0x000000008da00000| Untracked 
|  67|0x000000008db00000, 0x000000008db00000, 0x000000008dc00000|  0%| F|  |TAMS 0x000000008db00000, 0x000000008db00000| Untracked 
|  68|0x000000008dc00000, 0x000000008dc00000, 0x000000008dd00000|  0%| F|  |TAMS 0x000000008dc00000, 0x000000008dc00000| Untracked 
|  69|0x000000008dd00000, 0x000000008dd00000, 0x000000008de00000|  0%| F|  |TAMS 0x000000008dd00000, 0x000000008dd00000| Untracked 
|  70|0x000000008de00000, 0x000000008de00000, 0x000000008df00000|  0%| F|  |TAMS 0x000000008de00000, 0x000000008de00000| Untracked 
|  71|0x000000008df00000, 0x000000008df00000, 0x000000008e000000|  0%| F|  |TAMS 0x000000008df00000, 0x000000008df00000| Untracked 
|  72|0x000000008e000000, 0x000000008e000000, 0x000000008e100000|  0%| F|  |TAMS 0x000000008e000000, 0x000000008e000000| Untracked 
|  73|0x000000008e100000, 0x000000008e100000, 0x000000008e200000|  0%| F|  |TAMS 0x000000008e100000, 0x000000008e100000| Untracked 
|  74|0x000000008e200000, 0x000000008e200000, 0x000000008e300000|  0%| F|  |TAMS 0x000000008e200000, 0x000000008e200000| Untracked 
|  75|0x000000008e300000, 0x000000008e300000, 0x000000008e400000|  0%| F|  |TAMS 0x000000008e300000, 0x000000008e300000| Untracked 
|  76|0x000000008e400000, 0x000000008e400000, 0x000000008e500000|  0%| F|  |TAMS 0x000000008e400000, 0x000000008e400000| Untracked 
|  77|0x000000008e500000, 0x000000008e500000, 0x000000008e600000|  0%| F|  |TAMS 0x000000008e500000, 0x000000008e500000| Untracked 
|  78|0x000000008e600000, 0x000000008e600000, 0x000000008e700000|  0%| F|  |TAMS 0x000000008e600000, 0x000000008e600000| Untracked 
|  79|0x000000008e700000, 0x000000008e700000, 0x000000008e800000|  0%| F|  |TAMS 0x000000008e700000, 0x000000008e700000| Untracked 
|  80|0x000000008e800000, 0x000000008e800000, 0x000000008e900000|  0%| F|  |TAMS 0x000000008e800000, 0x000000008e800000| Untracked 
|  81|0x000000008e900000, 0x000000008e900000, 0x000000008ea00000|  0%| F|  |TAMS 0x000000008e900000, 0x000000008e900000| Untracked 
|  82|0x000000008ea00000, 0x000000008ea00000, 0x000000008eb00000|  0%| F|  |TAMS 0x000000008ea00000, 0x000000008ea00000| Untracked 
|  83|0x000000008eb00000, 0x000000008eb00000, 0x000000008ec00000|  0%| F|  |TAMS 0x000000008eb00000, 0x000000008eb00000| Untracked 
|  84|0x000000008ec00000, 0x000000008ec00000, 0x000000008ed00000|  0%| F|  |TAMS 0x000000008ec00000, 0x000000008ec00000| Untracked 
|  85|0x000000008ed00000, 0x000000008ed00000, 0x000000008ee00000|  0%| F|  |TAMS 0x000000008ed00000, 0x000000008ed00000| Untracked 
|  86|0x000000008ee00000, 0x000000008ee00000, 0x000000008ef00000|  0%| F|  |TAMS 0x000000008ee00000, 0x000000008ee00000| Untracked 
|  87|0x000000008ef00000, 0x000000008ef00000, 0x000000008f000000|  0%| F|  |TAMS 0x000000008ef00000, 0x000000008ef00000| Untracked 
|  88|0x000000008f000000, 0x000000008f000000, 0x000000008f100000|  0%| F|  |TAMS 0x000000008f000000, 0x000000008f000000| Untracked 
|  89|0x000000008f100000, 0x000000008f100000, 0x000000008f200000|  0%| F|  |TAMS 0x000000008f100000, 0x000000008f100000| Untracked 
|  90|0x000000008f200000, 0x000000008f200000, 0x000000008f300000|  0%| F|  |TAMS 0x000000008f200000, 0x000000008f200000| Untracked 
|  91|0x000000008f300000, 0x000000008f300000, 0x000000008f400000|  0%| F|  |TAMS 0x000000008f300000, 0x000000008f300000| Untracked 
|  92|0x000000008f400000, 0x000000008f400000, 0x000000008f500000|  0%| F|  |TAMS 0x000000008f400000, 0x000000008f400000| Untracked 
|  93|0x000000008f500000, 0x000000008f500000, 0x000000008f600000|  0%| F|  |TAMS 0x000000008f500000, 0x000000008f500000| Untracked 
|  94|0x000000008f600000, 0x000000008f600000, 0x000000008f700000|  0%| F|  |TAMS 0x000000008f600000, 0x000000008f600000| Untracked 
|  95|0x000000008f700000, 0x000000008f700000, 0x000000008f800000|  0%| F|  |TAMS 0x000000008f700000, 0x000000008f700000| Untracked 
|  96|0x000000008f800000, 0x000000008f800000, 0x000000008f900000|  0%| F|  |TAMS 0x000000008f800000, 0x000000008f800000| Untracked 
|  97|0x000000008f900000, 0x000000008f900000, 0x000000008fa00000|  0%| F|  |TAMS 0x000000008f900000, 0x000000008f900000| Untracked 
|  98|0x000000008fa00000, 0x000000008fa00000, 0x000000008fb00000|  0%| F|  |TAMS 0x000000008fa00000, 0x000000008fa00000| Untracked 
|  99|0x000000008fb00000, 0x000000008fb00000, 0x000000008fc00000|  0%| F|  |TAMS 0x000000008fb00000, 0x000000008fb00000| Untracked 
| 100|0x000000008fc00000, 0x000000008fc00000, 0x000000008fd00000|  0%| F|  |TAMS 0x000000008fc00000, 0x000000008fc00000| Untracked 
| 101|0x000000008fd00000, 0x000000008fd00000, 0x000000008fe00000|  0%| F|  |TAMS 0x000000008fd00000, 0x000000008fd00000| Untracked 
| 102|0x000000008fe00000, 0x000000008fe00000, 0x000000008ff00000|  0%| F|  |TAMS 0x000000008fe00000, 0x000000008fe00000| Untracked 
| 103|0x000000008ff00000, 0x000000008ff00000, 0x0000000090000000|  0%| F|  |TAMS 0x000000008ff00000, 0x000000008ff00000| Untracked 
| 104|0x0000000090000000, 0x0000000090000000, 0x0000000090100000|  0%| F|  |TAMS 0x0000000090000000, 0x0000000090000000| Untracked 
| 105|0x0000000090100000, 0x0000000090100000, 0x0000000090200000|  0%| F|  |TAMS 0x0000000090100000, 0x0000000090100000| Untracked 
| 106|0x0000000090200000, 0x0000000090200000, 0x0000000090300000|  0%| F|  |TAMS 0x0000000090200000, 0x0000000090200000| Untracked 
| 107|0x0000000090300000, 0x0000000090300000, 0x0000000090400000|  0%| F|  |TAMS 0x0000000090300000, 0x0000000090300000| Untracked 
| 108|0x0000000090400000, 0x0000000090400000, 0x0000000090500000|  0%| F|  |TAMS 0x0000000090400000, 0x0000000090400000| Untracked 
| 109|0x0000000090500000, 0x0000000090500000, 0x0000000090600000|  0%| F|  |TAMS 0x0000000090500000, 0x0000000090500000| Untracked 
| 110|0x0000000090600000, 0x0000000090600000, 0x0000000090700000|  0%| F|  |TAMS 0x0000000090600000, 0x0000000090600000| Untracked 
| 111|0x0000000090700000, 0x0000000090776450, 0x0000000090800000| 46%| E|  |TAMS 0x0000000090700000, 0x0000000090700000| Complete 
| 112|0x0000000090800000, 0x0000000090900000, 0x0000000090900000|100%| E|CS|TAMS 0x0000000090800000, 0x0000000090800000| Complete 
| 113|0x0000000090900000, 0x0000000090a00000, 0x0000000090a00000|100%| E|CS|TAMS 0x0000000090900000, 0x0000000090900000| Complete 
| 114|0x0000000090a00000, 0x0000000090b00000, 0x0000000090b00000|100%| E|CS|TAMS 0x0000000090a00000, 0x0000000090a00000| Complete 
| 115|0x0000000090b00000, 0x0000000090c00000, 0x0000000090c00000|100%| E|CS|TAMS 0x0000000090b00000, 0x0000000090b00000| Complete 
| 116|0x0000000090c00000, 0x0000000090d00000, 0x0000000090d00000|100%| E|CS|TAMS 0x0000000090c00000, 0x0000000090c00000| Complete 
| 117|0x0000000090d00000, 0x0000000090e00000, 0x0000000090e00000|100%| E|CS|TAMS 0x0000000090d00000, 0x0000000090d00000| Complete 
| 118|0x0000000090e00000, 0x0000000090f00000, 0x0000000090f00000|100%| E|  |TAMS 0x0000000090e00000, 0x0000000090e00000| Complete 
| 119|0x0000000090f00000, 0x0000000091000000, 0x0000000091000000|100%| E|CS|TAMS 0x0000000090f00000, 0x0000000090f00000| Complete 

Card table byte_map: [0x0000014021fd0000,0x0000014022390000] _byte_map_base: 0x0000014021b84000

Marking Bits (Prev, Next): (CMBitMap*) 0x0000014007fee598, (CMBitMap*) 0x0000014007fee5d8
 Prev Bits: [0x0000014022750000, 0x00000140244f0000)
 Next Bits: [0x00000140244f0000, 0x0000014026290000)

Polling page: 0x0000014008090000

Metaspace:

Usage:
  Non-class:      4.77 MB capacity,     3.48 MB ( 73%) used,     1.28 MB ( 27%) free+waste,     4.25 KB ( <1%) overhead. 
      Class:    522.00 KB capacity,   373.26 KB ( 72%) used,   146.18 KB ( 28%) free+waste,     2.56 KB ( <1%) overhead. 
       Both:      5.28 MB capacity,     3.84 MB ( 73%) used,     1.42 MB ( 27%) free+waste,     6.81 KB ( <1%) overhead. 

Virtual space:
  Non-class space:        8.00 MB reserved,       5.00 MB ( 63%) committed 
      Class space:        1.00 GB reserved,     640.00 KB ( <1%) committed 
             Both:        1.01 GB reserved,       5.63 MB ( <1%) committed 

Chunk freelists:
   Non-Class:  48.00 KB
       Class:  22.00 KB
        Both:  70.00 KB

MaxMetaspaceSize: 17179869184.00 GB
CompressedClassSpaceSize: 1.00 GB

CodeHeap 'non-profiled nmethods': size=120000Kb used=195Kb max_used=195Kb free=119804Kb
 bounds [0x0000014019a50000, 0x0000014019cc0000, 0x0000014020f80000]
CodeHeap 'profiled nmethods': size=120000Kb used=913Kb max_used=913Kb free=119087Kb
 bounds [0x0000014012520000, 0x0000014012790000, 0x0000014019a50000]
CodeHeap 'non-nmethods': size=5760Kb used=1143Kb max_used=1159Kb free=4616Kb
 bounds [0x0000014011f80000, 0x00000140121f0000, 0x0000014012520000]
 total_blobs=1010 nmethods=619 adapters=304
 compilation: enabled
              stopped_count=0, restarted_count=0
 full_count=0

Compilation events (20 events):
Event: 0.304 Thread 0x0000014028f8e000  600       1       java.security.CodeSource::getLocation (5 bytes)
Event: 0.304 Thread 0x0000014028f8e000 nmethod 600 0x0000014019a7fc90 code [0x0000014019a7fe20, 0x0000014019a7fef8]
Event: 0.304 Thread 0x0000014028f8e000  601       1       java.lang.reflect.Constructor::getSharedParameterTypes (5 bytes)
Event: 0.304 Thread 0x0000014028f8e000 nmethod 601 0x0000014019a7ff90 code [0x0000014019a80120, 0x0000014019a801f8]
Event: 0.305 Thread 0x0000014028f8e000  602       3       java.lang.Class::getReflectionFactory (26 bytes)
Event: 0.305 Thread 0x0000014028f8e000 nmethod 602 0x00000140125f8790 code [0x00000140125f89c0, 0x00000140125f91b8]
Event: 0.307 Thread 0x0000014028f8e000  603       3       java.util.zip.Inflater::ensureOpen (47 bytes)
Event: 0.308 Thread 0x0000014028f8e000 nmethod 603 0x00000140125f9490 code [0x00000140125f9640, 0x00000140125f98c8]
Event: 0.309 Thread 0x0000014028f8e000  604       1       jdk.internal.loader.BuiltinClassLoader$LoadedModule::loader (5 bytes)
Event: 0.309 Thread 0x0000014028f8e000 nmethod 604 0x0000014019a80290 code [0x0000014019a80420, 0x0000014019a804f8]
Event: 0.309 Thread 0x0000014028f8e000  605       3       java.lang.String::indexOf (64 bytes)
Event: 0.310 Thread 0x0000014028f8e000 nmethod 605 0x00000140125f9a10 code [0x00000140125f9c60, 0x00000140125fa588]
Event: 0.310 Thread 0x0000014028f8e000  606       3       java.lang.StringLatin1::indexOf (25 bytes)
Event: 0.310 Thread 0x0000014028f8e000 nmethod 606 0x00000140125fa910 code [0x00000140125faac0, 0x00000140125fac88]
Event: 0.313 Thread 0x0000014028f8e000  607       3       sun.net.www.ParseUtil::firstEncodeIndex (86 bytes)
Event: 0.313 Thread 0x0000014028f8e000 nmethod 607 0x00000140125fad90 code [0x00000140125fafc0, 0x00000140125fb968]
Event: 0.315 Thread 0x0000014028f8e000  608       3       java.util.concurrent.atomic.AtomicReference::<init> (5 bytes)
Event: 0.315 Thread 0x0000014028f8e000 nmethod 608 0x00000140125fbd10 code [0x00000140125fbea0, 0x00000140125fc018]
Event: 0.315 Thread 0x0000014028f8e000  609       3       java.util.Properties::getProperty (50 bytes)
Event: 0.315 Thread 0x0000014028f8e000 nmethod 609 0x00000140125fc110 code [0x00000140125fc2e0, 0x00000140125fc838]

GC Heap History (0 events):
No events

Deoptimization events (20 events):
Event: 0.204 Thread 0x0000014007fa8800 DEOPT PACKING pc=0x000001401259d628 sp=0x000000348f9fc2a0
Event: 0.204 Thread 0x0000014007fa8800 DEOPT UNPACKING pc=0x0000014011fc964e sp=0x000000348f9fb758 mode 0
Event: 0.204 Thread 0x0000014007fa8800 DEOPT PACKING pc=0x000001401259d628 sp=0x000000348f9fc2a0
Event: 0.204 Thread 0x0000014007fa8800 DEOPT UNPACKING pc=0x0000014011fc964e sp=0x000000348f9fb758 mode 0
Event: 0.204 Thread 0x0000014007fa8800 DEOPT PACKING pc=0x000001401259d628 sp=0x000000348f9fc2a0
Event: 0.204 Thread 0x0000014007fa8800 DEOPT UNPACKING pc=0x0000014011fc964e sp=0x000000348f9fb758 mode 0
Event: 0.204 Thread 0x0000014007fa8800 DEOPT PACKING pc=0x000001401259d85d sp=0x000000348f9fc2a0
Event: 0.204 Thread 0x0000014007fa8800 DEOPT UNPACKING pc=0x0000014011fc964e sp=0x000000348f9fb758 mode 0
Event: 0.204 Thread 0x0000014007fa8800 DEOPT PACKING pc=0x000001401259d85d sp=0x000000348f9fc2a0
Event: 0.204 Thread 0x0000014007fa8800 DEOPT UNPACKING pc=0x0000014011fc964e sp=0x000000348f9fb758 mode 0
Event: 0.204 Thread 0x0000014007fa8800 DEOPT PACKING pc=0x000001401259d85d sp=0x000000348f9fc2a0
Event: 0.204 Thread 0x0000014007fa8800 DEOPT UNPACKING pc=0x0000014011fc964e sp=0x000000348f9fb758 mode 0
Event: 0.205 Thread 0x0000014007fa8800 DEOPT PACKING pc=0x000001401259d85d sp=0x000000348f9fc2a0
Event: 0.205 Thread 0x0000014007fa8800 DEOPT UNPACKING pc=0x0000014011fc964e sp=0x000000348f9fb758 mode 0
Event: 0.205 Thread 0x0000014007fa8800 DEOPT PACKING pc=0x000001401259d628 sp=0x000000348f9fc2a0
Event: 0.205 Thread 0x0000014007fa8800 DEOPT UNPACKING pc=0x0000014011fc964e sp=0x000000348f9fb758 mode 0
Event: 0.205 Thread 0x0000014007fa8800 DEOPT PACKING pc=0x000001401259d628 sp=0x000000348f9fc2a0
Event: 0.205 Thread 0x0000014007fa8800 DEOPT UNPACKING pc=0x0000014011fc964e sp=0x000000348f9fb758 mode 0
Event: 0.205 Thread 0x0000014007fa8800 DEOPT PACKING pc=0x000001401259d628 sp=0x000000348f9fc2a0
Event: 0.205 Thread 0x0000014007fa8800 DEOPT UNPACKING pc=0x0000014011fc964e sp=0x000000348f9fb758 mode 0

Classes unloaded (0 events):
No events

Classes redefined (0 events):
No events

Internal exceptions (0 events):
No events

Events (20 events):
Event: 0.301 loading class java/net/SocketException
Event: 0.301 loading class java/net/SocketException done
Event: 0.306 Executing VM operation: HandshakeAllThreads
Event: 0.306 Executing VM operation: HandshakeAllThreads done
Event: 0.306 loading class java/io/InvalidObjectException
Event: 0.306 loading class java/io/ObjectStreamException
Event: 0.306 loading class java/io/ObjectStreamException done
Event: 0.306 loading class java/io/InvalidObjectException done
Event: 0.306 loading class java/lang/IllegalStateException
Event: 0.306 loading class java/lang/IllegalStateException done
Event: 0.308 loading class java/util/AbstractQueue
Event: 0.309 loading class java/util/AbstractQueue done
Event: 0.310 loading class java/util/NoSuchElementException
Event: 0.311 loading class java/util/NoSuchElementException done
Event: 0.311 loading class java/util/concurrent/ConcurrentLinkedQueue
Event: 0.311 loading class java/util/concurrent/ConcurrentLinkedQueue done
Event: 0.311 loading class java/util/concurrent/ConcurrentLinkedQueue$Node
Event: 0.311 loading class java/util/concurrent/ConcurrentLinkedQueue$Node done
Event: 0.312 loading class java/util/concurrent/atomic/AtomicReference
Event: 0.312 loading class java/util/concurrent/atomic/AtomicReference done


Dynamic libraries:
0x00007ff67e2d0000 - 0x00007ff67e2df000 	C:\Program Files\Java\jdk-14.0.2\bin\javaw.exe
0x00007ffc2e1b0000 - 0x00007ffc2e3a5000 	C:\WINDOWS\SYSTEM32\ntdll.dll
0x00007ffc2dcc0000 - 0x00007ffc2dd7d000 	C:\WINDOWS\System32\KERNEL32.DLL
0x00007ffc2bda0000 - 0x00007ffc2c068000 	C:\WINDOWS\System32\KERNELBASE.dll
0x00007ffc2c110000 - 0x00007ffc2c210000 	C:\WINDOWS\System32\ucrtbase.dll
0x00007ffbf8e20000 - 0x00007ffbf8e35000 	C:\Program Files\Java\jdk-14.0.2\bin\VCRUNTIME140.dll
0x00007ffbed6b0000 - 0x00007ffbed6c8000 	C:\Program Files\Java\jdk-14.0.2\bin\jli.dll
0x00007ffc2d490000 - 0x00007ffc2d53c000 	C:\WINDOWS\System32\ADVAPI32.dll
0x00007ffc2dba0000 - 0x00007ffc2dc3e000 	C:\WINDOWS\System32\msvcrt.dll
0x00007ffc2df00000 - 0x00007ffc2df9b000 	C:\WINDOWS\System32\sechost.dll
0x00007ffc2c210000 - 0x00007ffc2c33b000 	C:\WINDOWS\System32\RPCRT4.dll
0x00007ffc2d2f0000 - 0x00007ffc2d490000 	C:\WINDOWS\System32\USER32.dll
0x00007ffc2bb00000 - 0x00007ffc2bb22000 	C:\WINDOWS\System32\win32u.dll
0x00007ffc19580000 - 0x00007ffc1981a000 	C:\WINDOWS\WinSxS\amd64_microsoft.windows.common-controls_6595b64144ccf1df_6.0.19041.844_none_ca00b6081b84eb1d\COMCTL32.dll
0x00007ffc2c680000 - 0x00007ffc2c6aa000 	C:\WINDOWS\System32\GDI32.dll
0x00007ffc2bbb0000 - 0x00007ffc2bcbb000 	C:\WINDOWS\System32\gdi32full.dll
0x00007ffc2c070000 - 0x00007ffc2c10d000 	C:\WINDOWS\System32\msvcp_win.dll
0x00007ffc226d0000 - 0x00007ffc226da000 	C:\WINDOWS\SYSTEM32\VERSION.dll
0x00007ffc2db70000 - 0x00007ffc2dba0000 	C:\WINDOWS\System32\IMM32.DLL
0x00007ffbc6930000 - 0x00007ffbc69cb000 	C:\Program Files\Java\jdk-14.0.2\bin\msvcp140.dll
0x00007ffb97d80000 - 0x00007ffb9889e000 	C:\Program Files\Java\jdk-14.0.2\bin\server\jvm.dll
0x00007ffc2dcb0000 - 0x00007ffc2dcb8000 	C:\WINDOWS\System32\PSAPI.DLL
0x00007ffc22580000 - 0x00007ffc225a7000 	C:\WINDOWS\SYSTEM32\WINMM.dll
0x00007ffc245a0000 - 0x00007ffc245a9000 	C:\WINDOWS\SYSTEM32\WSOCK32.dll
0x00007ffc2dc40000 - 0x00007ffc2dcab000 	C:\WINDOWS\System32\WS2_32.dll
0x00007ffc29840000 - 0x00007ffc29852000 	C:\WINDOWS\SYSTEM32\kernel.appcore.dll
0x00007ffc23610000 - 0x00007ffc2361a000 	C:\Program Files\Java\jdk-14.0.2\bin\jimage.dll
0x00007ffc214c0000 - 0x00007ffc216a4000 	C:\WINDOWS\SYSTEM32\DBGHELP.DLL
0x00007ffc14190000 - 0x00007ffc141bc000 	C:\WINDOWS\SYSTEM32\dbgcore.DLL
0x00007ffc2bb30000 - 0x00007ffc2bbb0000 	C:\WINDOWS\System32\bcryptPrimitives.dll
0x00007ffc16180000 - 0x00007ffc161a5000 	C:\Program Files\Java\jdk-14.0.2\bin\java.dll
0x00007ffc20d10000 - 0x00007ffc20d26000 	C:\Program Files\Java\jdk-14.0.2\bin\zip.dll
0x00007ffc2c6b0000 - 0x00007ffc2cdf2000 	C:\WINDOWS\System32\SHELL32.dll
0x00007ffc29a40000 - 0x00007ffc2a1d0000 	C:\WINDOWS\SYSTEM32\windows.storage.dll
0x00007ffc2cf90000 - 0x00007ffc2d2e5000 	C:\WINDOWS\System32\combase.dll
0x00007ffc2b2f0000 - 0x00007ffc2b31c000 	C:\WINDOWS\SYSTEM32\Wldp.dll
0x00007ffc2ce10000 - 0x00007ffc2cebe000 	C:\WINDOWS\System32\SHCORE.dll
0x00007ffc2c4f0000 - 0x00007ffc2c545000 	C:\WINDOWS\System32\shlwapi.dll
0x00007ffc2b830000 - 0x00007ffc2b84f000 	C:\WINDOWS\SYSTEM32\profapi.dll
0x00007ffc20b30000 - 0x00007ffc20b49000 	C:\Program Files\Java\jdk-14.0.2\bin\net.dll
0x00007ffc228d0000 - 0x00007ffc229db000 	C:\WINDOWS\SYSTEM32\WINHTTP.dll
0x00007ffc2b000000 - 0x00007ffc2b06a000 	C:\WINDOWS\system32\mswsock.dll
0x00007ffc1fa90000 - 0x00007ffc1faa2000 	C:\Program Files\Java\jdk-14.0.2\bin\nio.dll
0x00007ffc148a0000 - 0x00007ffc148b7000 	C:\WINDOWS\system32\napinsp.dll
0x00007ffc148e0000 - 0x00007ffc148fb000 	C:\WINDOWS\system32\pnrpnsp.dll
0x00007ffc26530000 - 0x00007ffc26545000 	C:\WINDOWS\system32\wshbth.dll
0x00007ffc27350000 - 0x00007ffc2736d000 	C:\WINDOWS\system32\NLAapi.dll
0x00007ffc2acf0000 - 0x00007ffc2ad2b000 	C:\WINDOWS\SYSTEM32\IPHLPAPI.DLL
0x00007ffc2ad30000 - 0x00007ffc2adfc000 	C:\WINDOWS\SYSTEM32\DNSAPI.dll
0x00007ffc2def0000 - 0x00007ffc2def8000 	C:\WINDOWS\System32\NSI.dll
0x00007ffc149f0000 - 0x00007ffc14a02000 	C:\WINDOWS\System32\winrnr.dll
0x00007ffc227c0000 - 0x00007ffc227ca000 	C:\Windows\System32\rasadhlp.dll
0x00007ffc225b0000 - 0x00007ffc2262f000 	C:\WINDOWS\System32\fwpuclnt.dll
0x00007ffc2bd70000 - 0x00007ffc2bd97000 	C:\WINDOWS\System32\bcrypt.dll

dbghelp: loaded successfully - version: 4.0.5 - missing functions: none
symbol engine: initialized successfully - sym options: 0x614 - pdb path: .;C:\Program Files\Java\jdk-14.0.2\bin;C:\WINDOWS\SYSTEM32;C:\WINDOWS\WinSxS\amd64_microsoft.windows.common-controls_6595b64144ccf1df_6.0.19041.844_none_ca00b6081b84eb1d;C:\Program Files\Java\jdk-14.0.2\bin\server

VM Arguments:
jvm_args: -Dfile.encoding=Cp1252 -XX:+ShowCodeDetailsInExceptionMessages 
java_command: XML.XMLhandler
java_class_path (initial): V:\Java\WINDOWS\bin;V:\Java\SQL INTERFACE\mssql-jdbc-8.4.1.jre8.jar
Launcher Type: SUN_STANDARD

[Global flags]
     intx CICompilerCount                          = 4                                         {product} {ergonomic}
     uint ConcGCThreads                            = 3                                         {product} {ergonomic}
     uint G1ConcRefinementThreads                  = 10                                        {product} {ergonomic}
   size_t G1HeapRegionSize                         = 1048576                                   {product} {ergonomic}
    uintx GCDrainStackTargetSize                   = 64                                        {product} {ergonomic}
   size_t InitialHeapSize                          = 125829120                                 {product} {ergonomic}
   size_t MarkStackSize                            = 4194304                                   {product} {ergonomic}
   size_t MaxHeapSize                              = 1988100096                                {product} {ergonomic}
   size_t MaxNewSize                               = 1192230912                                {product} {ergonomic}
   size_t MinHeapDeltaBytes                        = 1048576                                   {product} {ergonomic}
   size_t MinHeapSize                              = 8388608                                   {product} {ergonomic}
    uintx NonNMethodCodeHeapSize                   = 5839372                                {pd product} {ergonomic}
    uintx NonProfiledCodeHeapSize                  = 122909434                              {pd product} {ergonomic}
    uintx ProfiledCodeHeapSize                     = 122909434                              {pd product} {ergonomic}
    uintx ReservedCodeCacheSize                    = 251658240                              {pd product} {ergonomic}
     bool SegmentedCodeCache                       = true                                      {product} {ergonomic}
     bool ShowCodeDetailsInExceptionMessages       = true                                   {manageable} {command line}
   size_t SoftMaxHeapSize                          = 1988100096                             {manageable} {ergonomic}
     bool UseCompressedClassPointers               = true                                 {lp64_product} {ergonomic}
     bool UseCompressedOops                        = true                                 {lp64_product} {ergonomic}
     bool UseG1GC                                  = true                                      {product} {ergonomic}
     bool UseLargePagesIndividualAllocation        = false                                  {pd product} {ergonomic}

Logging:
Log output configuration:
 #0: stdout all=warning uptime,level,tags
 #1: stderr all=off uptime,level,tags

Environment Variables:
PATH=C:/Program Files/Java/jdk-14.0.2/bin/server;C:/Program Files/Java/jdk-14.0.2/bin;C:\Program Files\Microsoft MPI\Bin\;C:\Program Files (x86)\Common Files\Oracle\Java\javapath;C:\WINDOWS\system32;C:\WINDOWS;C:\WINDOWS\System32\Wbem;C:\WINDOWS\System32\WindowsPowerShell\v1.0\;C:\WINDOWS\System32\OpenSSH\;C:\Program Files\Microsoft SQL Server\Client SDK\ODBC\110\Tools\Binn\;C:\Program Files\Azure Data Studio\bin;C:\Program Files (x86)\Microsoft SQL Server\150\DTS\Binn\;C:\Program Files\Microsoft SQL Server\Client SDK\ODBC\170\Tools\Binn\;C:\Program Files (x86)\Microsoft SQL Server\150\Tools\Binn\;C:\Program Files\Microsoft SQL Server\150\Tools\Binn\;C:\Program Files\Microsoft SQL Server\150\DTS\Binn\;C:\Program Files (x86)\dotnet\;C:\Program Files\nodejs\;C:\Users\ADMIN\AppData\Local\Microsoft\WindowsApps;C:\Users\ADMIN\AppData\Local\Programs\Microsoft VS Code\bin;C:\Program Files\Azure Data Studio\bin;C:\Users\ADMIN\AppData\Local\atom\bin;C:\ProgramData\ADMIN\atom\bin;C:\Users\ADMIN\AppData\Local\Microsoft\WindowsApps;C:\Users\ADMIN\AppData\Roaming\npm;C:\xampp\php;;C:\WINDOWS\System32;
USERNAME=ADMIN
OS=Windows_NT
PROCESSOR_IDENTIFIER=AMD64 Family 23 Model 96 Stepping 1, AuthenticAMD



---------------  S Y S T E M  ---------------

OS: Windows 10 , 64 bit Build 19041 (10.0.19041.928)
OS uptime: 2 days 15:19 hours

CPU:total 12 (initial active 12) (12 cores per cpu, 2 threads per core) family 23 model 96 stepping 1, cmov, cx8, fxsr, mmx, sse, sse2, sse3, ssse3, sse4.1, sse4.2, popcnt, avx, avx2, aes, clmul, mmxext, 3dnowpref, lzcnt, sse4a, ht, tsc, tscinvbit, tscinv, bmi1, bmi2, adx, sha, fma

Memory: 4k page, system-wide physical 7579M (456M free)
TotalPageFile size 31131M (AvailPageFile size 2M)
current process WorkingSet (physical memory assigned to process): 53M, peak: 53M
current process commit charge ("private bytes"): 218M, peak: 219M

vm_info: Java HotSpot(TM) 64-Bit Server VM (14.0.2+12-46) for windows-amd64 JRE (14.0.2+12-46), built on Jul  9 2020 00:35:52 by "mach5one" with MS VC++ 15.9 (VS2017)

END.
