#
# There is insufficient memory for the Java Runtime Environment to continue.
# Native memory allocation (mmap) failed to map 125829120 bytes for Failed to commit area from 0x0000000089800000 to 0x0000000091000000 of length 125829120.
# Possible reasons:
#   The system is out of physical RAM or swap space
#   The process is running with CompressedOops enabled, and the Java Heap may be blocking the growth of the native heap
# Possible solutions:
#   Reduce memory load on the system
#   Increase physical memory or swap space
#   Check if swap backing store is full
#   Decrease Java heap size (-Xmx/-Xms)
#   Decrease number of Java threads
#   Decrease Java thread stack sizes (-Xss)
#   Set larger code cache with -XX:ReservedCodeCacheSize=
#   JVM is running with Unscaled Compressed Oops mode in which the Java heap is
#     placed in the first 4GB address space. The Java Heap base address is the
#     maximum limit for the native heap growth. Please use -XX:HeapBaseMinAddress
#     to set the Java Heap base and to place the Java Heap above 4GB virtual address.
# This output file may be truncated or incomplete.
#
#  Out of Memory Error (./open/src/hotspot/os/windows/os_windows.cpp:3315), pid=16584, tid=16056
#
# JRE version:  (14.0.2+12) (build )
# Java VM: Java HotSpot(TM) 64-Bit Server VM (14.0.2+12-46, mixed mode, sharing, tiered, compressed oops, g1 gc, windows-amd64)
# No core dump will be written. Minidumps are not enabled by default on client versions of Windows
#

---------------  S U M M A R Y ------------

Command Line: -Dfile.encoding=Cp1252 -XX:+ShowCodeDetailsInExceptionMessages XML.XMLhandler

Host: AMD Ryzen 5 4600H with Radeon Graphics         , 12 cores, 7G,  Windows 10 , 64 bit Build 19041 (10.0.19041.928)
Time: Mon Jun  7 23:44:13 2021 SE Asia Standard Time elapsed time: 0 seconds (0d 0h 0m 0s)

---------------  T H R E A D  ---------------

Current thread (0x000001f84e167800):  JavaThread "Unknown thread" [_thread_in_vm, id=16056, stack(0x000000be1f200000,0x000000be1f300000)]

Stack: [0x000000be1f200000,0x000000be1f300000]
Native frames: (J=compiled Java code, j=interpreted, Vv=VM code, C=native code)
V  [jvm.dll+0x5f8a9a]
V  [jvm.dll+0x74247a]
V  [jvm.dll+0x743c2f]
V  [jvm.dll+0x744273]
V  [jvm.dll+0x20d288]
V  [jvm.dll+0x5f5dea]
V  [jvm.dll+0x5eac45]
V  [jvm.dll+0x2c7e9c]
V  [jvm.dll+0x2c7cd2]
V  [jvm.dll+0x2cdbbc]
V  [jvm.dll+0x313fe8]
V  [jvm.dll+0x313710]
V  [jvm.dll+0x2a092a]
V  [jvm.dll+0x2a1a79]
V  [jvm.dll+0x71fd48]
V  [jvm.dll+0x321c14]
V  [jvm.dll+0x70112c]
V  [jvm.dll+0x392def]
V  [jvm.dll+0x394e61]
C  [jli.dll+0x524b]
C  [ucrtbase.dll+0x21bb2]
C  [KERNEL32.DLL+0x17034]
C  [ntdll.dll+0x52651]


---------------  P R O C E S S  ---------------

Threads class SMR info:
_java_thread_list=0x00007ffb98803038, length=0, elements={
}

Java Threads: ( => current thread )

Other Threads:
  0x000001f84e1ac000 GCTaskThread "GC Thread#0" [stack: 0x000000be1f300000,0x000000be1f400000] [id=9680]
  0x000001f84e1d9000 ConcurrentGCThread "G1 Main Marker" [stack: 0x000000be1f400000,0x000000be1f500000] [id=16824]
  0x000001f84e1db800 ConcurrentGCThread "G1 Conc#0" [stack: 0x000000be1f500000,0x000000be1f600000] [id=18676]

[error occurred during error reporting (printing all threads), id 0xc0000005, EXCEPTION_ACCESS_VIOLATION (0xc0000005) at pc=0x00007ffb98031257]

VM state:not at safepoint (not fully initialized)

VM Mutex/Monitor currently owned by a thread:  ([mutex/lock_event])
[0x000001f84e1644d0] Heap_lock - owner thread: 0x000001f84e167800

Heap address: 0x0000000089800000, size: 1896 MB, Compressed Oops mode: 32-bit
Narrow klass base: 0x0000000000000000, Narrow klass shift: 0

GC Heap History (0 events):
No events

Deoptimization events (0 events):
No events

Classes unloaded (0 events):
No events

Classes redefined (0 events):
No events

Internal exceptions (0 events):
No events

Events (2 events):
Event: 0.049 Loaded shared library C:\Program Files\Java\jdk-14.0.2\bin\java.dll
Event: 0.049 Loaded shared library C:\Program Files\Java\jdk-14.0.2\bin\zip.dll


Dynamic libraries:
0x00007ff67e2d0000 - 0x00007ff67e2df000 	C:\Program Files\Java\jdk-14.0.2\bin\javaw.exe
0x00007ffc2e1b0000 - 0x00007ffc2e3a5000 	C:\WINDOWS\SYSTEM32\ntdll.dll
0x00007ffc2dcc0000 - 0x00007ffc2dd7d000 	C:\WINDOWS\System32\KERNEL32.DLL
0x00007ffc2bda0000 - 0x00007ffc2c068000 	C:\WINDOWS\System32\KERNELBASE.dll
0x00007ffc2c110000 - 0x00007ffc2c210000 	C:\WINDOWS\System32\ucrtbase.dll
0x00007ffbed6b0000 - 0x00007ffbed6c8000 	C:\Program Files\Java\jdk-14.0.2\bin\jli.dll
0x00007ffbf8e20000 - 0x00007ffbf8e35000 	C:\Program Files\Java\jdk-14.0.2\bin\VCRUNTIME140.dll
0x00007ffc2d490000 - 0x00007ffc2d53c000 	C:\WINDOWS\System32\ADVAPI32.dll
0x00007ffc2dba0000 - 0x00007ffc2dc3e000 	C:\WINDOWS\System32\msvcrt.dll
0x00007ffc2df00000 - 0x00007ffc2df9b000 	C:\WINDOWS\System32\sechost.dll
0x00007ffc2c210000 - 0x00007ffc2c33b000 	C:\WINDOWS\System32\RPCRT4.dll
0x00007ffc2d2f0000 - 0x00007ffc2d490000 	C:\WINDOWS\System32\USER32.dll
0x00007ffc2bb00000 - 0x00007ffc2bb22000 	C:\WINDOWS\System32\win32u.dll
0x00007ffc2c680000 - 0x00007ffc2c6aa000 	C:\WINDOWS\System32\GDI32.dll
0x00007ffc19580000 - 0x00007ffc1981a000 	C:\WINDOWS\WinSxS\amd64_microsoft.windows.common-controls_6595b64144ccf1df_6.0.19041.844_none_ca00b6081b84eb1d\COMCTL32.dll
0x00007ffc2bbb0000 - 0x00007ffc2bcbb000 	C:\WINDOWS\System32\gdi32full.dll
0x00007ffc2c070000 - 0x00007ffc2c10d000 	C:\WINDOWS\System32\msvcp_win.dll
0x00007ffc226d0000 - 0x00007ffc226da000 	C:\WINDOWS\SYSTEM32\VERSION.dll
0x00007ffc2db70000 - 0x00007ffc2dba0000 	C:\WINDOWS\System32\IMM32.DLL
0x00007ffbc6930000 - 0x00007ffbc69cb000 	C:\Program Files\Java\jdk-14.0.2\bin\msvcp140.dll
0x00007ffb97d80000 - 0x00007ffb9889e000 	C:\Program Files\Java\jdk-14.0.2\bin\server\jvm.dll
0x00007ffc2dcb0000 - 0x00007ffc2dcb8000 	C:\WINDOWS\System32\PSAPI.DLL
0x00007ffc22580000 - 0x00007ffc225a7000 	C:\WINDOWS\SYSTEM32\WINMM.dll
0x00007ffc245a0000 - 0x00007ffc245a9000 	C:\WINDOWS\SYSTEM32\WSOCK32.dll
0x00007ffc2dc40000 - 0x00007ffc2dcab000 	C:\WINDOWS\System32\WS2_32.dll
0x00007ffc29840000 - 0x00007ffc29852000 	C:\WINDOWS\SYSTEM32\kernel.appcore.dll
0x00007ffc23610000 - 0x00007ffc2361a000 	C:\Program Files\Java\jdk-14.0.2\bin\jimage.dll
0x00007ffc214c0000 - 0x00007ffc216a4000 	C:\WINDOWS\SYSTEM32\DBGHELP.DLL
0x00007ffc14190000 - 0x00007ffc141bc000 	C:\WINDOWS\SYSTEM32\dbgcore.DLL
0x00007ffc2bb30000 - 0x00007ffc2bbb0000 	C:\WINDOWS\System32\bcryptPrimitives.dll
0x00007ffc16180000 - 0x00007ffc161a5000 	C:\Program Files\Java\jdk-14.0.2\bin\java.dll
0x00007ffc20d10000 - 0x00007ffc20d26000 	C:\Program Files\Java\jdk-14.0.2\bin\zip.dll

dbghelp: loaded successfully - version: 4.0.5 - missing functions: none
symbol engine: initialized successfully - sym options: 0x614 - pdb path: .;C:\Program Files\Java\jdk-14.0.2\bin;C:\WINDOWS\SYSTEM32;C:\WINDOWS\WinSxS\amd64_microsoft.windows.common-controls_6595b64144ccf1df_6.0.19041.844_none_ca00b6081b84eb1d;C:\Program Files\Java\jdk-14.0.2\bin\server

VM Arguments:
jvm_args: -Dfile.encoding=Cp1252 -XX:+ShowCodeDetailsInExceptionMessages 
java_command: XML.XMLhandler
java_class_path (initial): V:\Java\WINDOWS\bin;V:\Java\SQL INTERFACE\mssql-jdbc-8.4.1.jre8.jar
Launcher Type: SUN_STANDARD

[Global flags]
     intx CICompilerCount                          = 4                                         {product} {ergonomic}
     uint ConcGCThreads                            = 3                                         {product} {ergonomic}
     uint G1ConcRefinementThreads                  = 10                                        {product} {ergonomic}
   size_t G1HeapRegionSize                         = 1048576                                   {product} {ergonomic}
    uintx GCDrainStackTargetSize                   = 64                                        {product} {ergonomic}
   size_t InitialHeapSize                          = 125829120                                 {product} {ergonomic}
   size_t MarkStackSize                            = 4194304                                   {product} {ergonomic}
   size_t MaxHeapSize                              = 1988100096                                {product} {ergonomic}
   size_t MinHeapDeltaBytes                        = 1048576                                   {product} {ergonomic}
   size_t MinHeapSize                              = 8388608                                   {product} {ergonomic}
    uintx NonNMethodCodeHeapSize                   = 5839372                                {pd product} {ergonomic}
    uintx NonProfiledCodeHeapSize                  = 122909434                              {pd product} {ergonomic}
    uintx ProfiledCodeHeapSize                     = 122909434                              {pd product} {ergonomic}
    uintx ReservedCodeCacheSize                    = 251658240                              {pd product} {ergonomic}
     bool SegmentedCodeCache                       = true                                      {product} {ergonomic}
     bool ShowCodeDetailsInExceptionMessages       = true                                   {manageable} {command line}
   size_t SoftMaxHeapSize                          = 1988100096                             {manageable} {ergonomic}
     bool UseCompressedClassPointers               = true                                 {lp64_product} {ergonomic}
     bool UseCompressedOops                        = true                                 {lp64_product} {ergonomic}
     bool UseG1GC                                  = true                                      {product} {ergonomic}
     bool UseLargePagesIndividualAllocation        = false                                  {pd product} {ergonomic}

Logging:
Log output configuration:
 #0: stdout all=warning uptime,level,tags
 #1: stderr all=off uptime,level,tags

Environment Variables:
PATH=C:/Program Files/Java/jdk-14.0.2/bin/server;C:/Program Files/Java/jdk-14.0.2/bin;C:\Program Files\Microsoft MPI\Bin\;C:\Program Files (x86)\Common Files\Oracle\Java\javapath;C:\WINDOWS\system32;C:\WINDOWS;C:\WINDOWS\System32\Wbem;C:\WINDOWS\System32\WindowsPowerShell\v1.0\;C:\WINDOWS\System32\OpenSSH\;C:\Program Files\Microsoft SQL Server\Client SDK\ODBC\110\Tools\Binn\;C:\Program Files\Azure Data Studio\bin;C:\Program Files (x86)\Microsoft SQL Server\150\DTS\Binn\;C:\Program Files\Microsoft SQL Server\Client SDK\ODBC\170\Tools\Binn\;C:\Program Files (x86)\Microsoft SQL Server\150\Tools\Binn\;C:\Program Files\Microsoft SQL Server\150\Tools\Binn\;C:\Program Files\Microsoft SQL Server\150\DTS\Binn\;C:\Program Files (x86)\dotnet\;C:\Program Files\nodejs\;C:\Users\ADMIN\AppData\Local\Microsoft\WindowsApps;C:\Users\ADMIN\AppData\Local\Programs\Microsoft VS Code\bin;C:\Program Files\Azure Data Studio\bin;C:\Users\ADMIN\AppData\Local\atom\bin;C:\ProgramData\ADMIN\atom\bin;C:\Users\ADMIN\AppData\Local\Microsoft\WindowsApps;C:\Users\ADMIN\AppData\Roaming\npm;C:\xampp\php;;C:\WINDOWS\System32;
USERNAME=ADMIN
OS=Windows_NT
PROCESSOR_IDENTIFIER=AMD64 Family 23 Model 96 Stepping 1, AuthenticAMD



---------------  S Y S T E M  ---------------

OS: Windows 10 , 64 bit Build 19041 (10.0.19041.928)
OS uptime: 2 days 15:19 hours

CPU:total 12 (initial active 12) (12 cores per cpu, 2 threads per core) family 23 model 96 stepping 1, cmov, cx8, fxsr, mmx, sse, sse2, sse3, ssse3, sse4.1, sse4.2, popcnt, avx, avx2, aes, clmul, mmxext, 3dnowpref, lzcnt, sse4a, ht, tsc, tscinvbit, tscinv, bmi1, bmi2, adx, sha, fma

Memory: 4k page, system-wide physical 7579M (510M free)
TotalPageFile size 31131M (AvailPageFile size 105M)
current process WorkingSet (physical memory assigned to process): 10M, peak: 10M
current process commit charge ("private bytes"): 64M, peak: 184M

vm_info: Java HotSpot(TM) 64-Bit Server VM (14.0.2+12-46) for windows-amd64 JRE (14.0.2+12-46), built on Jul  9 2020 00:35:52 by "mach5one" with MS VC++ 15.9 (VS2017)

END.
