#
# There is insufficient memory for the Java Runtime Environment to continue.
# Native memory allocation (mmap) failed to map 56623104 bytes for Failed to commit area from 0x000000008a100000 to 0x000000008d700000 of length 56623104.
# Possible reasons:
#   The system is out of physical RAM or swap space
#   The process is running with CompressedOops enabled, and the Java Heap may be blocking the growth of the native heap
# Possible solutions:
#   Reduce memory load on the system
#   Increase physical memory or swap space
#   Check if swap backing store is full
#   Decrease Java heap size (-Xmx/-Xms)
#   Decrease number of Java threads
#   Decrease Java thread stack sizes (-Xss)
#   Set larger code cache with -XX:ReservedCodeCacheSize=
#   JVM is running with Unscaled Compressed Oops mode in which the Java heap is
#     placed in the first 4GB address space. The Java Heap base address is the
#     maximum limit for the native heap growth. Please use -XX:HeapBaseMinAddress
#     to set the Java Heap base and to place the Java Heap above 4GB virtual address.
# This output file may be truncated or incomplete.
#
#  Out of Memory Error (./open/src/hotspot/os/windows/os_windows.cpp:3315), pid=19716, tid=19344
#
# JRE version: Java(TM) SE Runtime Environment (14.0.2+12) (build 14.0.2+12-46)
# Java VM: Java HotSpot(TM) 64-Bit Server VM (14.0.2+12-46, mixed mode, tiered, compressed oops, g1 gc, windows-amd64)
# No core dump will be written. Minidumps are not enabled by default on client versions of Windows
#

---------------  S U M M A R Y ------------

Command Line: -Dfile.encoding=Cp1252 -XX:+ShowCodeDetailsInExceptionMessages XML.XMLhandler

Host: AMD Ryzen 5 4600H with Radeon Graphics         , 12 cores, 7G,  Windows 10 , 64 bit Build 19041 (10.0.19041.928)
Time: Mon Jun  7 23:44:06 2021 SE Asia Standard Time elapsed time: 0 seconds (0d 0h 0m 0s)

---------------  T H R E A D  ---------------

Current thread (0x000001f6c611e800):  VMThread "VM Thread" [stack: 0x000000c169f00000,0x000000c16a000000] [id=19344]

Stack: [0x000000c169f00000,0x000000c16a000000]
[error occurred during error reporting (printing stack bounds), id 0xc0000005, EXCEPTION_ACCESS_VIOLATION (0xc0000005) at pc=0x000001f6af8a10ad]

Native frames: (J=compiled Java code, j=interpreted, Vv=VM code, C=native code)
V  [jvm.dll+0x5f8a9a]
V  [jvm.dll+0x74247a]
V  [jvm.dll+0x743c2f]
V  [jvm.dll+0x7441d5]
V  [jvm.dll+0x74418b]
V  [jvm.dll+0x5f7f6f]
V  [jvm.dll+0x5f8738]
C  [ntdll.dll+0xa217f]
C  [ntdll.dll+0x51454]
C  [ntdll.dll+0xa0cae]
C  0x000001f6af8a10ad

VM_Operation (0x000000c1699fdb40): CollectForMetadataAllocation, mode: safepoint, requested by thread 0x000001f6a70ea000


---------------  P R O C E S S  ---------------

Threads class SMR info:
_java_thread_list=0x000001f7077e5140, length=14, elements={
0x000001f6a70ea000, 0x000001f6c6132800, 0x000001f6c6134000, 0x000001f706cae800,
0x000001f706cb0800, 0x000001f706cb2000, 0x000001f706c96800, 0x000001f706c9b800,
0x000001f6c613a000, 0x000001f706e3e800, 0x000001f706e41000, 0x000001f706e3c800,
0x000001f706e3d800, 0x000001f706e40000
}

Java Threads: ( => current thread )
  0x000001f6a70ea000 JavaThread "main" [_thread_blocked, id=28312, stack(0x000000c169900000,0x000000c169a00000)]
  0x000001f6c6132800 JavaThread "Reference Handler" daemon [_thread_blocked, id=6068, stack(0x000000c16a000000,0x000000c16a100000)]
  0x000001f6c6134000 JavaThread "Finalizer" daemon [_thread_blocked, id=19920, stack(0x000000c16a100000,0x000000c16a200000)]
  0x000001f706cae800 JavaThread "Signal Dispatcher" daemon [_thread_blocked, id=13492, stack(0x000000c16a200000,0x000000c16a300000)]
  0x000001f706cb0800 JavaThread "Attach Listener" daemon [_thread_blocked, id=27424, stack(0x000000c16a300000,0x000000c16a400000)]
  0x000001f706cb2000 JavaThread "Service Thread" daemon [_thread_blocked, id=10524, stack(0x000000c16a400000,0x000000c16a500000)]
  0x000001f706c96800 JavaThread "C2 CompilerThread0" daemon [_thread_blocked, id=26356, stack(0x000000c16a500000,0x000000c16a600000)]
  0x000001f706c9b800 JavaThread "C1 CompilerThread0" daemon [_thread_blocked, id=13672, stack(0x000000c16a600000,0x000000c16a700000)]
  0x000001f6c613a000 JavaThread "Sweeper thread" daemon [_thread_blocked, id=22148, stack(0x000000c16a700000,0x000000c16a800000)]
  0x000001f706e3e800 JavaThread "Notification Thread" daemon [_thread_blocked, id=3848, stack(0x000000c16a800000,0x000000c16a900000)]
  0x000001f706e41000 JavaThread "Common-Cleaner" daemon [_thread_blocked, id=16140, stack(0x000000c16aa00000,0x000000c16ab00000)]
  0x000001f706e3c800 JavaThread "Java2D Disposer" daemon [_thread_blocked, id=1540, stack(0x000000c16b000000,0x000000c16b100000)]
  0x000001f706e3d800 JavaThread "AWT-Shutdown" [_thread_blocked, id=16296, stack(0x000000c16b100000,0x000000c16b200000)]
  0x000001f706e40000 JavaThread "AWT-Windows" daemon [_thread_in_native, id=15164, stack(0x000000c16b200000,0x000000c16b300000)]

Other Threads:
=>0x000001f6c611e800 VMThread "VM Thread" [stack: 0x000000c169f00000,0x000000c16a000000] [id=19344]
  0x000001f706e37800 WatcherThread [stack: 0x000000c16a900000,0x000000c16aa00000] [id=10564]
  0x000001f6a712c000 GCTaskThread "GC Thread#0" [stack: 0x000000c169a00000,0x000000c169b00000] [id=12884]
  0x000001f707066800 GCTaskThread "GC Thread#1" [stack: 0x000000c16ab00000,0x000000c16ac00000] [id=29860]
  0x000001f708825000 GCTaskThread "GC Thread#2" [stack: 0x000000c16ae00000,0x000000c16af00000] [id=2944]
  0x000001f708826000 GCTaskThread "GC Thread#3" [stack: 0x000000c16bd00000,0x000000c16be00000] [id=19980]
  0x000001f6a713d800 ConcurrentGCThread "G1 Main Marker" [stack: 0x000000c169b00000,0x000000c169c00000] [id=29784]
  0x000001f6a7143000 ConcurrentGCThread "G1 Conc#0" [stack: 0x000000c169c00000,0x000000c169d00000] [id=15144]
  0x000001f707019000 ConcurrentGCThread "G1 Conc#1" [stack: 0x000000c16ac00000,0x000000c16ad00000] [id=28048]
  0x000001f706e91800 ConcurrentGCThread "G1 Conc#2" [stack: 0x000000c16ad00000,0x000000c16ae00000] [id=31360]
  0x000001f6c5f51800 ConcurrentGCThread "G1 Refine#0" [stack: 0x000000c169d00000,0x000000c169e00000] [id=21552]
  0x000001f6a71c7000 ConcurrentGCThread "G1 Young RemSet Sampling" [stack: 0x000000c169e00000,0x000000c169f00000] [id=12988]

Threads with active compile tasks:
C1 CompilerThread0     1003 1307       3       jdk.internal.org.objectweb.asm.MethodWriter::putMethodInfo (1431 bytes)

VM state:at safepoint (normal execution)

VM Mutex/Monitor currently owned by a thread:  ([mutex/lock_event])
[0x000001f6a70e6f40] Threads_lock - owner thread: 0x000001f6c611e800
[0x000001f6a70e7600] Heap_lock - owner thread: 0x000001f6a70ea000

Heap address: 0x0000000089800000, size: 1896 MB, Compressed Oops mode: 32-bit
Narrow klass base: 0x0000000000000000, Narrow klass shift: 3
Compressed class space size: 1073741824 Address: 0x0000000100000000

Heap:
 garbage-first heap   total 68608K, used 3500K [0x0000000089800000, 0x0000000100000000)
  region size 1024K, 1 young (1024K), 1 survivors (1024K)
 Metaspace       used 21141K, capacity 21429K, committed 21504K, reserved 1081344K
  class space    used 2123K, capacity 2247K, committed 2304K, reserved 1048576K
Heap Regions: E=young(eden), S=young(survivor), O=old, HS=humongous(starts), HC=humongous(continues), CS=collection set, F=free, OA=open archive, CA=closed archive, TAMS=top-at-mark-start (previous, next)
|   0|0x0000000089800000, 0x0000000089900000, 0x0000000089900000|100%| O|  |TAMS 0x0000000089800000, 0x0000000089900000| Untracked 
|   1|0x0000000089900000, 0x00000000899f3600, 0x0000000089a00000| 95%| O|  |TAMS 0x0000000089900000, 0x0000000089976e00| Untracked 
|   2|0x0000000089a00000, 0x0000000089a00000, 0x0000000089b00000|  0%| F|  |TAMS 0x0000000089a00000, 0x0000000089a00000| Untracked 
|   3|0x0000000089b00000, 0x0000000089b00000, 0x0000000089c00000|  0%| F|  |TAMS 0x0000000089b00000, 0x0000000089b00000| Untracked 
|   4|0x0000000089c00000, 0x0000000089c00000, 0x0000000089d00000|  0%| F|  |TAMS 0x0000000089c00000, 0x0000000089c00000| Untracked 
|   5|0x0000000089d00000, 0x0000000089d00000, 0x0000000089e00000|  0%| F|  |TAMS 0x0000000089d00000, 0x0000000089d00000| Untracked 
|   6|0x0000000089e00000, 0x0000000089e00000, 0x0000000089f00000|  0%| F|  |TAMS 0x0000000089e00000, 0x0000000089e00000| Untracked 
|   7|0x0000000089f00000, 0x0000000089f00000, 0x000000008a000000|  0%| F|  |TAMS 0x0000000089f00000, 0x0000000089f00000| Untracked 
|   8|0x000000008a000000, 0x000000008a000000, 0x000000008a100000|  0%| F|  |TAMS 0x000000008a000000, 0x000000008a000000| Untracked 
| 115|0x0000000090b00000, 0x0000000090b77ba0, 0x0000000090c00000| 46%| S|CS|TAMS 0x0000000090b00000, 0x0000000090b00000| Complete 
| 116|0x0000000090c00000, 0x0000000090c00000, 0x0000000090d00000|  0%| F|  |TAMS 0x0000000090c00000, 0x0000000090c00000| Untracked 
| 119|0x0000000090f00000, 0x0000000090f00000, 0x0000000091000000|  0%| F|  |TAMS 0x0000000090f00000, 0x0000000090f00000| Untracked 
|1895|0x00000000fff00000, 0x0000000100000000, 0x0000000100000000|100%| O|  |TAMS 0x00000000fff00000, 0x0000000100000000| Untracked 

Card table byte_map: [0x000001f6bf1c0000,0x000001f6bf580000] _byte_map_base: 0x000001f6bed74000

Marking Bits (Prev, Next): (CMBitMap*) 0x000001f6a712d7f8, (CMBitMap*) 0x000001f6a712d7b8
 Prev Bits: [0x000001f6c16e0000, 0x000001f6c3480000)
 Next Bits: [0x000001f6bf940000, 0x000001f6c16e0000)

Polling page: 0x000001f6a50b0000

Metaspace:

Usage:
  Non-class:     18.73 MB capacity,    18.57 MB (>99%) used,   129.36 KB ( <1%) free+waste,    35.06 KB ( <1%) overhead. 
      Class:      2.19 MB capacity,     2.07 MB ( 95%) used,   106.05 KB (  5%) free+waste,    17.38 KB ( <1%) overhead. 
       Both:     20.93 MB capacity,    20.65 MB ( 99%) used,   235.41 KB (  1%) free+waste,    52.44 KB ( <1%) overhead. 

Virtual space:
  Non-class space:       32.00 MB reserved,      18.75 MB ( 59%) committed 
      Class space:        1.00 GB reserved,       2.25 MB ( <1%) committed 
             Both:        1.03 GB reserved,      21.00 MB (  2%) committed 

Chunk freelists:
   Non-Class:  0 bytes
       Class:  0 bytes
        Both:  0 bytes

MaxMetaspaceSize: 17179869184.00 GB
CompressedClassSpaceSize: 1.00 GB

CodeHeap 'non-profiled nmethods': size=120000Kb used=506Kb max_used=506Kb free=119493Kb
 bounds [0x000001f6b7370000, 0x000001f6b75e0000, 0x000001f6be8a0000]
CodeHeap 'profiled nmethods': size=120000Kb used=2379Kb max_used=2379Kb free=117620Kb
 bounds [0x000001f6afe40000, 0x000001f6b00b0000, 0x000001f6b7370000]
CodeHeap 'non-nmethods': size=5760Kb used=1278Kb max_used=1293Kb free=4481Kb
 bounds [0x000001f6af8a0000, 0x000001f6afb10000, 0x000001f6afe40000]
 total_blobs=1865 nmethods=1304 adapters=474
 compilation: enabled
              stopped_count=0, restarted_count=0
 full_count=0

Compilation events (20 events):
Event: 0.983 Thread 0x000001f706c9b800 nmethod 1299 0x000001f6b0086b90 code [0x000001f6b0086d40, 0x000001f6b00870a8]
Event: 0.983 Thread 0x000001f706c9b800 1300       3       sun.invoke.util.VerifyAccess::isTypeVisible (47 bytes)
Event: 0.983 Thread 0x000001f706c9b800 nmethod 1300 0x000001f6b0087190 code [0x000001f6b0087360, 0x000001f6b0087738]
Event: 0.983 Thread 0x000001f706c9b800 1295       3       java.lang.invoke.DirectMethodHandle::<init> (141 bytes)
Event: 0.984 Thread 0x000001f706c96800 1301       4       jdk.internal.org.objectweb.asm.Symbol::<init> (38 bytes)
Event: 0.984 Thread 0x000001f706c9b800 nmethod 1295 0x000001f6b0087910 code [0x000001f6b0087be0, 0x000001f6b0088c48]
Event: 0.984 Thread 0x000001f706c9b800 1296       3       jdk.internal.reflect.ReflectionFactory::inflationThreshold (4 bytes)
Event: 0.984 Thread 0x000001f706c9b800 nmethod 1296 0x000001f6b0089190 code [0x000001f6b0089320, 0x000001f6b0089418]
Event: 0.984 Thread 0x000001f706c9b800 1303       3       java.lang.invoke.TypeConvertingMethodAdapter::convertType (299 bytes)
Event: 0.986 Thread 0x000001f706c96800 nmethod 1301 0x000001f6b73ede90 code [0x000001f6b73ee000, 0x000001f6b73ee338]
Event: 0.986 Thread 0x000001f706c96800 1302       4       jdk.internal.org.objectweb.asm.SymbolTable::put (150 bytes)
Event: 0.987 Thread 0x000001f706c9b800 nmethod 1303 0x000001f6b0089490 code [0x000001f6b0089dc0, 0x000001f6b008ebc8]
Event: 0.987 Thread 0x000001f706c9b800 1304       3       jdk.internal.org.objectweb.asm.MethodWriter::visitMaxs (60 bytes)
Event: 0.987 Thread 0x000001f706c9b800 nmethod 1304 0x000001f6b0090890 code [0x000001f6b0090a60, 0x000001f6b0090cd8]
Event: 0.987 Thread 0x000001f706c9b800 1305       3       jdk.internal.org.objectweb.asm.MethodWriter::visitEnd (1 bytes)
Event: 0.987 Thread 0x000001f706c9b800 nmethod 1305 0x000001f6b0090d90 code [0x000001f6b0090f20, 0x000001f6b0091018]
Event: 0.987 Thread 0x000001f706c9b800 1306       3       jdk.internal.org.objectweb.asm.MethodWriter::computeMethodInfoSize (704 bytes)
Event: 0.988 Thread 0x000001f706c9b800 nmethod 1306 0x000001f6b0091090 code [0x000001f6b0091420, 0x000001f6b0092738]
Event: 0.988 Thread 0x000001f706c96800 nmethod 1302 0x000001f6b73ee390 code [0x000001f6b73ee560, 0x000001f6b73ee918]
Event: 0.988 Thread 0x000001f706c9b800 1307       3       jdk.internal.org.objectweb.asm.MethodWriter::putMethodInfo (1431 bytes)

GC Heap History (11 events):
Event: 0.199 GC heap before
{Heap before GC invocations=0 (full 0):
 garbage-first heap   total 122880K, used 1024K [0x0000000089800000, 0x0000000100000000)
  region size 1024K, 3 young (3072K), 0 survivors (0K)
 Metaspace       used 7231K, capacity 7245K, committed 7296K, reserved 1069056K
  class space    used 609K, capacity 614K, committed 640K, reserved 1048576K
}
Event: 0.202 GC heap after
{Heap after GC invocations=1 (full 0):
 garbage-first heap   total 122880K, used 1336K [0x0000000089800000, 0x0000000100000000)
  region size 1024K, 2 young (2048K), 2 survivors (2048K)
 Metaspace       used 7231K, capacity 7245K, committed 7296K, reserved 1069056K
  class space    used 609K, capacity 614K, committed 640K, reserved 1048576K
}
Event: 0.517 GC heap before
{Heap before GC invocations=2 (full 0):
 garbage-first heap   total 10240K, used 8504K [0x0000000089800000, 0x0000000100000000)
  region size 1024K, 10 young (10240K), 2 survivors (2048K)
 Metaspace       used 12982K, capacity 13139K, committed 13440K, reserved 1073152K
  class space    used 1225K, capacity 1285K, committed 1408K, reserved 1048576K
}
Event: 0.522 GC heap after
{Heap after GC invocations=3 (full 0):
 garbage-first heap   total 13312K, used 2390K [0x0000000089800000, 0x0000000100000000)
  region size 1024K, 2 young (2048K), 2 survivors (2048K)
 Metaspace       used 12982K, capacity 13139K, committed 13440K, reserved 1073152K
  class space    used 1225K, capacity 1285K, committed 1408K, reserved 1048576K
}
Event: 0.584 GC heap before
{Heap before GC invocations=3 (full 0):
 garbage-first heap   total 13312K, used 5462K [0x0000000089800000, 0x0000000100000000)
  region size 1024K, 5 young (5120K), 2 survivors (2048K)
 Metaspace       used 14237K, capacity 14461K, committed 14592K, reserved 1075200K
  class space    used 1361K, capacity 1448K, committed 1536K, reserved 1048576K
}
Event: 0.587 GC heap after
{Heap after GC invocations=4 (full 0):
 garbage-first heap   total 13312K, used 2543K [0x0000000089800000, 0x0000000100000000)
  region size 1024K, 1 young (1024K), 1 survivors (1024K)
 Metaspace       used 14237K, capacity 14461K, committed 14592K, reserved 1075200K
  class space    used 1361K, capacity 1448K, committed 1536K, reserved 1048576K
}
Event: 0.706 GC heap before
{Heap before GC invocations=4 (full 0):
 garbage-first heap   total 13312K, used 5615K [0x0000000089800000, 0x0000000100000000)
  region size 1024K, 5 young (5120K), 1 survivors (1024K)
 Metaspace       used 15992K, capacity 16302K, committed 16640K, reserved 1075200K
  class space    used 1586K, capacity 1678K, committed 1792K, reserved 1048576K
}
Event: 0.707 GC heap after
{Heap after GC invocations=5 (full 0):
 garbage-first heap   total 13312K, used 3046K [0x0000000089800000, 0x0000000100000000)
  region size 1024K, 1 young (1024K), 1 survivors (1024K)
 Metaspace       used 15992K, capacity 16302K, committed 16640K, reserved 1075200K
  class space    used 1586K, capacity 1678K, committed 1792K, reserved 1048576K
}
Event: 0.808 GC heap before
{Heap before GC invocations=5 (full 0):
 garbage-first heap   total 13312K, used 7142K [0x0000000089800000, 0x0000000100000000)
  region size 1024K, 5 young (5120K), 1 survivors (1024K)
 Metaspace       used 18331K, capacity 18524K, committed 18560K, reserved 1077248K
  class space    used 1796K, capacity 1886K, committed 1920K, reserved 1048576K
}
Event: 0.809 GC heap after
{Heap after GC invocations=6 (full 0):
 garbage-first heap   total 13312K, used 3402K [0x0000000089800000, 0x0000000100000000)
  region size 1024K, 1 young (1024K), 1 survivors (1024K)
 Metaspace       used 18331K, capacity 18524K, committed 18560K, reserved 1077248K
  class space    used 1796K, capacity 1886K, committed 1920K, reserved 1048576K
}
Event: 0.989 GC heap before
{Heap before GC invocations=6 (full 0):
 garbage-first heap   total 13312K, used 4426K [0x0000000089800000, 0x0000000100000000)
  region size 1024K, 3 young (3072K), 1 survivors (1024K)
 Metaspace       used 21141K, capacity 21429K, committed 21504K, reserved 1081344K
  class space    used 2123K, capacity 2247K, committed 2304K, reserved 1048576K
}

Deoptimization events (20 events):
Event: 0.708 Thread 0x000001f6a70ea000 DEOPT PACKING pc=0x000001f6aff6e038 sp=0x000000c1699fe580
Event: 0.708 Thread 0x000001f6a70ea000 DEOPT UNPACKING pc=0x000001f6af8e964e sp=0x000000c1699fda38 mode 0
Event: 0.708 Thread 0x000001f6a70ea000 DEOPT PACKING pc=0x000001f6aff6e038 sp=0x000000c1699fe520
Event: 0.708 Thread 0x000001f6a70ea000 DEOPT UNPACKING pc=0x000001f6af8e964e sp=0x000000c1699fd9d8 mode 0
Event: 0.709 Thread 0x000001f6a70ea000 DEOPT PACKING pc=0x000001f6aff6e038 sp=0x000000c1699fe580
Event: 0.709 Thread 0x000001f6a70ea000 DEOPT UNPACKING pc=0x000001f6af8e964e sp=0x000000c1699fda38 mode 0
Event: 0.709 Thread 0x000001f6a70ea000 DEOPT PACKING pc=0x000001f6aff6e038 sp=0x000000c1699fe520
Event: 0.709 Thread 0x000001f6a70ea000 DEOPT UNPACKING pc=0x000001f6af8e964e sp=0x000000c1699fd9d8 mode 0
Event: 0.709 Thread 0x000001f6a70ea000 DEOPT PACKING pc=0x000001f6aff6e038 sp=0x000000c1699fe520
Event: 0.709 Thread 0x000001f6a70ea000 DEOPT UNPACKING pc=0x000001f6af8e964e sp=0x000000c1699fd9d8 mode 0
Event: 0.710 Thread 0x000001f6a70ea000 DEOPT PACKING pc=0x000001f6aff6e05e sp=0x000000c1699fe440
Event: 0.710 Thread 0x000001f6a70ea000 DEOPT UNPACKING pc=0x000001f6af8e964e sp=0x000000c1699fd8f8 mode 0
Event: 0.711 Thread 0x000001f6a70ea000 DEOPT PACKING pc=0x000001f6aff6e038 sp=0x000000c1699fe330
Event: 0.711 Thread 0x000001f6a70ea000 DEOPT UNPACKING pc=0x000001f6af8e964e sp=0x000000c1699fd7e8 mode 0
Event: 0.712 Thread 0x000001f6a70ea000 DEOPT PACKING pc=0x000001f6aff6e05e sp=0x000000c1699fe330
Event: 0.712 Thread 0x000001f6a70ea000 DEOPT UNPACKING pc=0x000001f6af8e964e sp=0x000000c1699fd7e8 mode 0
Event: 0.712 Thread 0x000001f6a70ea000 DEOPT PACKING pc=0x000001f6aff6e038 sp=0x000000c1699fe330
Event: 0.712 Thread 0x000001f6a70ea000 DEOPT UNPACKING pc=0x000001f6af8e964e sp=0x000000c1699fd7e8 mode 0
Event: 0.713 Thread 0x000001f6a70ea000 DEOPT PACKING pc=0x000001f6aff6e05e sp=0x000000c1699fe390
Event: 0.713 Thread 0x000001f6a70ea000 DEOPT UNPACKING pc=0x000001f6af8e964e sp=0x000000c1699fd848 mode 0

Classes unloaded (0 events):
No events

Classes redefined (0 events):
No events

Internal exceptions (17 events):
Event: 0.423 Thread 0x000001f6a70ea000 Exception <a 'java/lang/NoSuchMethodError'{0x00000000899439c8}: 'java.lang.Object java.lang.invoke.DirectMethodHandle$Holder.invokeStaticInit(java.lang.Object, int, int, int, int)'> (0x00000000899439c8) 
thrown [./open/src/hotspot/share/interpreter/linkResolver.cpp, line 766]
Event: 0.464 Thread 0x000001f6a70ea000 Exception <a 'java/lang/NoSuchMethodError'{0x00000000899b4e40}: 'java.lang.Object java.lang.invoke.DirectMethodHandle$Holder.invokeStaticInit(java.lang.Object, java.lang.Object, int, int, int, int)'> (0x00000000899b4e40) 
thrown [./open/src/hotspot/share/interpreter/linkResolver.cpp, line 766]
Event: 0.482 Thread 0x000001f6a70ea000 Exception <a 'sun/nio/fs/WindowsException'{0x0000000089831620}> (0x0000000089831620) 
thrown [./open/src/hotspot/share/prims/jni.cpp, line 599]
Event: 0.483 Thread 0x000001f6a70ea000 Exception <a 'java/lang/NoSuchMethodError'{0x00000000898331e8}: 'int java.lang.invoke.DirectMethodHandle$Holder.invokeSpecialIFC(java.lang.Object, java.lang.Object, int)'> (0x00000000898331e8) 
thrown [./open/src/hotspot/share/interpreter/linkResolver.cpp, line 766]
Event: 0.492 Thread 0x000001f6a70ea000 Exception <a 'java/lang/NoSuchMethodError'{0x000000008985ec68}: 'int java.lang.invoke.DirectMethodHandle$Holder.invokeStaticInit(java.lang.Object, java.lang.Object, java.lang.Object, java.lang.Object)'> (0x000000008985ec68) 
thrown [./open/src/hotspot/share/interpreter/linkResolver.cpp, line 766]
Event: 0.493 Thread 0x000001f6a70ea000 Exception <a 'java/lang/IncompatibleClassChangeError'{0x0000000089867a68}: Found class java.lang.Object, but interface was expected> (0x0000000089867a68) 
thrown [./open/src/hotspot/share/interpreter/linkResolver.cpp, line 832]
Event: 0.493 Thread 0x000001f6a70ea000 Exception <a 'java/lang/NoSuchMethodError'{0x000000008986a6a8}: 'void java.lang.invoke.DirectMethodHandle$Holder.invokeStaticInit(java.lang.Object, java.lang.Object)'> (0x000000008986a6a8) 
thrown [./open/src/hotspot/share/interpreter/linkResolver.cpp, line 766]
Event: 0.494 Thread 0x000001f6a70ea000 Exception <a 'java/lang/NoSuchMethodError'{0x000000008986fc18}: 'int java.lang.invoke.DirectMethodHandle$Holder.invokeStaticInit(java.lang.Object, java.lang.Object)'> (0x000000008986fc18) 
thrown [./open/src/hotspot/share/interpreter/linkResolver.cpp, line 766]
Event: 0.623 Thread 0x000001f6a70ea000 Exception <a 'java/lang/NoSuchMethodError'{0x0000000090b17d88}: 'void java.lang.invoke.DirectMethodHandle$Holder.invokeSpecial(java.lang.Object, java.lang.Object, java.lang.Object, java.lang.Object)'> (0x0000000090b17d88) 
thrown [./open/src/hotspot/share/interpreter/linkResolver.cpp, line 766]
Event: 0.816 Thread 0x000001f6a70ea000 Exception <a 'java/lang/ClassNotFoundException'{0x0000000090f214f0}: sun/awt/resources/spi/awtProvider> (0x0000000090f214f0) 
thrown [./open/src/hotspot/share/classfile/systemDictionary.cpp, line 226]
Event: 0.823 Thread 0x000001f6a70ea000 Exception <a 'java/io/FileNotFoundException'{0x0000000090f45b00}> (0x0000000090f45b00) 
thrown [./open/src/hotspot/share/prims/jni.cpp, line 599]
Event: 0.823 Thread 0x000001f6a70ea000 Exception <a 'java/io/FileNotFoundException'{0x0000000090f47710}> (0x0000000090f47710) 
thrown [./open/src/hotspot/share/prims/jni.cpp, line 599]
Event: 0.906 Thread 0x000001f706e40000 Exception <a 'java/lang/NoSuchMethodError'{0x0000000090f97cd8}: 'void java.lang.invoke.DirectMethodHandle$Holder.invokeSpecial(java.lang.Object, java.lang.Object)'> (0x0000000090f97cd8) 
thrown [./open/src/hotspot/share/interpreter/linkResolver.cpp, line 766]
Event: 0.974 Thread 0x000001f6a70ea000 Exception <a 'java/lang/NoSuchMethodError'{0x0000000090ffeec8}: 'java.lang.Object java.lang.invoke.DirectMethodHandle$Holder.invokeStatic(java.lang.Object, int, java.lang.Object, java.lang.Object, java.lang.Object, java.lang.Object)'> (0x0000000090ffeec8) 
thrown [./open/src/hotspot/share/interpreter/linkResolver.cpp, line 766]
Event: 0.974 Thread 0x000001f6a70ea000 Exception <a 'java/lang/NoSuchMethodError'{0x0000000090c05c98}: 'java.lang.Object java.lang.invoke.DirectMethodHandle$Holder.invokeStatic(java.lang.Object, int, java.lang.Object, java.lang.Object, java.lang.Object)'> (0x0000000090c05c98) 
thrown [./open/src/hotspot/share/interpreter/linkResolver.cpp, line 766]
Event: 0.975 Thread 0x000001f6a70ea000 Exception <a 'java/lang/NoSuchMethodError'{0x0000000090c094e8}: 'java.lang.Object java.lang.invoke.DirectMethodHandle$Holder.invokeSpecial(java.lang.Object, java.lang.Object, int, java.lang.Object, java.lang.Object, java.lang.Object)'> (0x0000000090c094e8) 
thrown [./open/src/hotspot/share/interpreter/linkResolver.cpp, line 766]
Event: 0.977 Thread 0x000001f6a70ea000 Exception <a 'java/lang/NoSuchMethodError'{0x0000000090c1faa0}: 'java.lang.Object java.lang.invoke.DirectMethodHandle$Holder.invokeStatic(java.lang.Object, int, java.lang.Object)'> (0x0000000090c1faa0) 
thrown [./open/src/hotspot/share/interpreter/linkResolver.cpp, line 766]

Events (20 events):
Event: 0.988 loading class javax/swing/plaf/metal/MetalLookAndFeel$AATextListener
Event: 0.988 loading class javax/swing/plaf/metal/MetalLookAndFeel$AATextListener done
Event: 0.988 loading class java/beans/PropertyChangeListenerProxy
Event: 0.988 loading class java/util/EventListenerProxy
Event: 0.988 loading class java/util/EventListenerProxy done
Event: 0.988 loading class java/beans/PropertyChangeListenerProxy done
Event: 0.988 loading class javax/swing/plaf/metal/OceanTheme$1
Event: 0.988 loading class javax/swing/plaf/metal/OceanTheme$1 done
Event: 0.988 loading class javax/swing/plaf/metal/OceanTheme$2
Event: 0.988 loading class javax/swing/plaf/metal/OceanTheme$2 done
Event: 0.988 loading class javax/swing/plaf/metal/OceanTheme$3
Event: 0.988 loading class javax/swing/plaf/metal/OceanTheme$3 done
Event: 0.988 loading class javax/swing/plaf/metal/OceanTheme$4
Event: 0.988 loading class javax/swing/plaf/metal/OceanTheme$4 done
Event: 0.988 loading class javax/swing/plaf/metal/OceanTheme$5
Event: 0.988 loading class javax/swing/plaf/metal/OceanTheme$5 done
Event: 0.989 loading class javax/swing/plaf/metal/OceanTheme$6
Event: 0.989 loading class javax/swing/plaf/metal/OceanTheme$6 done
Event: 0.989 loading class javax/swing/RepaintManager
Event: 0.989 Executing VM operation: CollectForMetadataAllocation


Dynamic libraries:
0x00007ff67e2d0000 - 0x00007ff67e2df000 	C:\Program Files\Java\jdk-14.0.2\bin\javaw.exe
0x00007ffc2e1b0000 - 0x00007ffc2e3a5000 	C:\WINDOWS\SYSTEM32\ntdll.dll
0x00007ffc2dcc0000 - 0x00007ffc2dd7d000 	C:\WINDOWS\System32\KERNEL32.DLL
0x00007ffc2bda0000 - 0x00007ffc2c068000 	C:\WINDOWS\System32\KERNELBASE.dll
0x00007ffc2c110000 - 0x00007ffc2c210000 	C:\WINDOWS\System32\ucrtbase.dll
0x00007ffbed6b0000 - 0x00007ffbed6c8000 	C:\Program Files\Java\jdk-14.0.2\bin\jli.dll
0x00007ffbf8e20000 - 0x00007ffbf8e35000 	C:\Program Files\Java\jdk-14.0.2\bin\VCRUNTIME140.dll
0x00007ffc2d490000 - 0x00007ffc2d53c000 	C:\WINDOWS\System32\ADVAPI32.dll
0x00007ffc2dba0000 - 0x00007ffc2dc3e000 	C:\WINDOWS\System32\msvcrt.dll
0x00007ffc2df00000 - 0x00007ffc2df9b000 	C:\WINDOWS\System32\sechost.dll
0x00007ffc2c210000 - 0x00007ffc2c33b000 	C:\WINDOWS\System32\RPCRT4.dll
0x00007ffc2d2f0000 - 0x00007ffc2d490000 	C:\WINDOWS\System32\USER32.dll
0x00007ffc19580000 - 0x00007ffc1981a000 	C:\WINDOWS\WinSxS\amd64_microsoft.windows.common-controls_6595b64144ccf1df_6.0.19041.844_none_ca00b6081b84eb1d\COMCTL32.dll
0x00007ffc2bb00000 - 0x00007ffc2bb22000 	C:\WINDOWS\System32\win32u.dll
0x00007ffc2c680000 - 0x00007ffc2c6aa000 	C:\WINDOWS\System32\GDI32.dll
0x00007ffc2bbb0000 - 0x00007ffc2bcbb000 	C:\WINDOWS\System32\gdi32full.dll
0x00007ffc2c070000 - 0x00007ffc2c10d000 	C:\WINDOWS\System32\msvcp_win.dll
0x00007ffc226d0000 - 0x00007ffc226da000 	C:\WINDOWS\SYSTEM32\VERSION.dll
0x00007ffc2db70000 - 0x00007ffc2dba0000 	C:\WINDOWS\System32\IMM32.DLL
0x00007ffbc6930000 - 0x00007ffbc69cb000 	C:\Program Files\Java\jdk-14.0.2\bin\msvcp140.dll
0x00007ffb97d80000 - 0x00007ffb9889e000 	C:\Program Files\Java\jdk-14.0.2\bin\server\jvm.dll
0x00007ffc2dcb0000 - 0x00007ffc2dcb8000 	C:\WINDOWS\System32\PSAPI.DLL
0x00007ffc245a0000 - 0x00007ffc245a9000 	C:\WINDOWS\SYSTEM32\WSOCK32.dll
0x00007ffc22580000 - 0x00007ffc225a7000 	C:\WINDOWS\SYSTEM32\WINMM.dll
0x00007ffc2dc40000 - 0x00007ffc2dcab000 	C:\WINDOWS\System32\WS2_32.dll
0x00007ffc29840000 - 0x00007ffc29852000 	C:\WINDOWS\SYSTEM32\kernel.appcore.dll
0x00007ffc23610000 - 0x00007ffc2361a000 	C:\Program Files\Java\jdk-14.0.2\bin\jimage.dll
0x00007ffc214c0000 - 0x00007ffc216a4000 	C:\WINDOWS\SYSTEM32\DBGHELP.DLL
0x00007ffc14190000 - 0x00007ffc141bc000 	C:\WINDOWS\SYSTEM32\dbgcore.DLL
0x00007ffc2bb30000 - 0x00007ffc2bbb0000 	C:\WINDOWS\System32\bcryptPrimitives.dll
0x00007ffc16180000 - 0x00007ffc161a5000 	C:\Program Files\Java\jdk-14.0.2\bin\java.dll
0x00007ffc20d10000 - 0x00007ffc20d26000 	C:\Program Files\Java\jdk-14.0.2\bin\zip.dll
0x00007ffc2c6b0000 - 0x00007ffc2cdf2000 	C:\WINDOWS\System32\SHELL32.dll
0x00007ffc29a40000 - 0x00007ffc2a1d0000 	C:\WINDOWS\SYSTEM32\windows.storage.dll
0x00007ffc2cf90000 - 0x00007ffc2d2e5000 	C:\WINDOWS\System32\combase.dll
0x00007ffc2b2f0000 - 0x00007ffc2b31c000 	C:\WINDOWS\SYSTEM32\Wldp.dll
0x00007ffc2ce10000 - 0x00007ffc2cebe000 	C:\WINDOWS\System32\SHCORE.dll
0x00007ffc2c4f0000 - 0x00007ffc2c545000 	C:\WINDOWS\System32\shlwapi.dll
0x00007ffc2b830000 - 0x00007ffc2b84f000 	C:\WINDOWS\SYSTEM32\profapi.dll
0x00007ffc20b30000 - 0x00007ffc20b49000 	C:\Program Files\Java\jdk-14.0.2\bin\net.dll
0x00007ffc228d0000 - 0x00007ffc229db000 	C:\WINDOWS\SYSTEM32\WINHTTP.dll
0x00007ffc2b000000 - 0x00007ffc2b06a000 	C:\WINDOWS\system32\mswsock.dll
0x00007ffc1fa90000 - 0x00007ffc1faa2000 	C:\Program Files\Java\jdk-14.0.2\bin\nio.dll
0x00007ffc148a0000 - 0x00007ffc148b7000 	C:\WINDOWS\system32\napinsp.dll
0x00007ffc148e0000 - 0x00007ffc148fb000 	C:\WINDOWS\system32\pnrpnsp.dll
0x00007ffc26530000 - 0x00007ffc26545000 	C:\WINDOWS\system32\wshbth.dll
0x00007ffc27350000 - 0x00007ffc2736d000 	C:\WINDOWS\system32\NLAapi.dll
0x00007ffc2acf0000 - 0x00007ffc2ad2b000 	C:\WINDOWS\SYSTEM32\IPHLPAPI.DLL
0x00007ffc2ad30000 - 0x00007ffc2adfc000 	C:\WINDOWS\SYSTEM32\DNSAPI.dll
0x00007ffc2def0000 - 0x00007ffc2def8000 	C:\WINDOWS\System32\NSI.dll
0x00007ffc149f0000 - 0x00007ffc14a02000 	C:\WINDOWS\System32\winrnr.dll
0x00007ffc227c0000 - 0x00007ffc227ca000 	C:\Windows\System32\rasadhlp.dll
0x00007ffc225b0000 - 0x00007ffc2262f000 	C:\WINDOWS\System32\fwpuclnt.dll
0x00007ffc2bd70000 - 0x00007ffc2bd97000 	C:\WINDOWS\System32\bcrypt.dll
0x00007ffc2b1d0000 - 0x00007ffc2b1e8000 	C:\WINDOWS\SYSTEM32\CRYPTSP.dll
0x00007ffc2a9a0000 - 0x00007ffc2a9d4000 	C:\WINDOWS\system32\rsaenh.dll
0x00007ffc2b7f0000 - 0x00007ffc2b81e000 	C:\WINDOWS\SYSTEM32\USERENV.dll
0x00007ffc2b1f0000 - 0x00007ffc2b1fc000 	C:\WINDOWS\SYSTEM32\CRYPTBASE.dll
0x00007ffc24a90000 - 0x00007ffc24aa7000 	C:\WINDOWS\SYSTEM32\dhcpcsvc6.DLL
0x00007ffc249c0000 - 0x00007ffc249dd000 	C:\WINDOWS\SYSTEM32\dhcpcsvc.DLL
0x00007ffc01990000 - 0x00007ffc019b5000 	C:\Program Files\Java\jdk-14.0.2\bin\sunec.dll
0x00007ffc27380000 - 0x00007ffc2738e000 	C:\Program Files\Java\jdk-14.0.2\bin\sunmscapi.dll
0x00007ffc2b9a0000 - 0x00007ffc2baff000 	C:\WINDOWS\System32\CRYPT32.dll
0x00007ffc2b360000 - 0x00007ffc2b387000 	C:\WINDOWS\SYSTEM32\ncrypt.dll
0x00007ffc2b320000 - 0x00007ffc2b35b000 	C:\WINDOWS\SYSTEM32\NTASN1.dll
0x00007ffbbeca0000 - 0x00007ffbbee39000 	C:\Program Files\Java\jdk-14.0.2\bin\awt.dll
0x00007ffc2cec0000 - 0x00007ffc2cf8d000 	C:\WINDOWS\System32\OLEAUT32.dll
0x00007ffc291c0000 - 0x00007ffc29250000 	C:\WINDOWS\SYSTEM32\apphelp.dll
0x00007ffc29550000 - 0x00007ffc2957f000 	C:\WINDOWS\system32\DWMAPI.DLL
0x00007ffc29380000 - 0x00007ffc2941e000 	C:\WINDOWS\system32\uxtheme.dll
0x00007ffbea080000 - 0x00007ffbea1a6000 	C:\WINDOWS\system32\opengl32.dll
0x00007ffc034c0000 - 0x00007ffc034ec000 	C:\WINDOWS\SYSTEM32\GLU32.dll
0x00007ffc2e050000 - 0x00007ffc2e165000 	C:\WINDOWS\System32\MSCTF.dll
0x00007ffc046d0000 - 0x00007ffc04808000 	C:\ProgramData\A-Volute\A-Volute.Nahimic\Modules\Scheduled\x64\AudioDevProps2.dll
0x00007ffc2c550000 - 0x00007ffc2c67a000 	C:\WINDOWS\System32\ole32.dll
0x00007ffbf3250000 - 0x00007ffbf341e000 	C:\WINDOWS\system32\d3d9.dll
0x00007ffc212e0000 - 0x00007ffc214bb000 	C:\WINDOWS\System32\DriverStore\FileRepository\u0361901.inf_amd64_204a65b18f2a904a\B361909\aticfx64.dll
0x00007ffbfa100000 - 0x00007ffbfa133000 	C:\WINDOWS\System32\DriverStore\FileRepository\u0361901.inf_amd64_204a65b18f2a904a\B361909\atiu9p64.dll
0x00007ffbd5c80000 - 0x00007ffbd6992000 	C:\WINDOWS\System32\DriverStore\FileRepository\u0361901.inf_amd64_204a65b18f2a904a\B361909\atiumd64.dll
0x000000006b4d0000 - 0x000000006c38c000 	C:\WINDOWS\System32\DriverStore\FileRepository\u0361901.inf_amd64_204a65b18f2a904a\B361909\atiumd6a.dll
0x00007ffc2b6b0000 - 0x00007ffc2b6fb000 	C:\WINDOWS\SYSTEM32\POWRPROF.dll
0x00007ffc2b690000 - 0x00007ffc2b6a2000 	C:\WINDOWS\SYSTEM32\UMPDC.dll
0x00007ffc22550000 - 0x00007ffc22580000 	C:\WINDOWS\SYSTEM32\amdihk64.dll
0x00007ffc22630000 - 0x00007ffc2266b000 	C:\WINDOWS\SYSTEM32\dxcore.dll
0x00007ffc2b8f0000 - 0x00007ffc2b93e000 	C:\WINDOWS\System32\cfgmgr32.dll

dbghelp: loaded successfully - version: 4.0.5 - missing functions: none
symbol engine: initialized successfully - sym options: 0x614 - pdb path: .;C:\Program Files\Java\jdk-14.0.2\bin;C:\WINDOWS\SYSTEM32;C:\WINDOWS\WinSxS\amd64_microsoft.windows.common-controls_6595b64144ccf1df_6.0.19041.844_none_ca00b6081b84eb1d;C:\Program Files\Java\jdk-14.0.2\bin\server;C:\ProgramData\A-Volute\A-Volute.Nahimic\Modules\Scheduled\x64;C:\WINDOWS\System32\DriverStore\FileRepository\u0361901.inf_amd64_204a65b18f2a904a\B361909

VM Arguments:
jvm_args: -Dfile.encoding=Cp1252 -XX:+ShowCodeDetailsInExceptionMessages 
java_command: XML.XMLhandler
java_class_path (initial): V:\Java\WINDOWS\bin;V:\Java\SQL INTERFACE\mssql-jdbc-8.4.1.jre8.jar
Launcher Type: SUN_STANDARD

[Global flags]
     intx CICompilerCount                          = 4                                         {product} {ergonomic}
     uint ConcGCThreads                            = 3                                         {product} {ergonomic}
     uint G1ConcRefinementThreads                  = 10                                        {product} {ergonomic}
   size_t G1HeapRegionSize                         = 1048576                                   {product} {ergonomic}
    uintx GCDrainStackTargetSize                   = 64                                        {product} {ergonomic}
   size_t InitialHeapSize                          = 125829120                                 {product} {ergonomic}
   size_t MarkStackSize                            = 4194304                                   {product} {ergonomic}
   size_t MaxHeapSize                              = 1988100096                                {product} {ergonomic}
   size_t MaxNewSize                               = 1192230912                                {product} {ergonomic}
   size_t MinHeapDeltaBytes                        = 1048576                                   {product} {ergonomic}
   size_t MinHeapSize                              = 8388608                                   {product} {ergonomic}
    uintx NonNMethodCodeHeapSize                   = 5839372                                {pd product} {ergonomic}
    uintx NonProfiledCodeHeapSize                  = 122909434                              {pd product} {ergonomic}
    uintx ProfiledCodeHeapSize                     = 122909434                              {pd product} {ergonomic}
    uintx ReservedCodeCacheSize                    = 251658240                              {pd product} {ergonomic}
     bool SegmentedCodeCache                       = true                                      {product} {ergonomic}
     bool ShowCodeDetailsInExceptionMessages       = true                                   {manageable} {command line}
   size_t SoftMaxHeapSize                          = 1988100096                             {manageable} {ergonomic}
     bool UseCompressedClassPointers               = true                                 {lp64_product} {ergonomic}
     bool UseCompressedOops                        = true                                 {lp64_product} {ergonomic}
     bool UseG1GC                                  = true                                      {product} {ergonomic}
     bool UseLargePagesIndividualAllocation        = false                                  {pd product} {ergonomic}

Logging:
Log output configuration:
 #0: stdout all=warning uptime,level,tags
 #1: stderr all=off uptime,level,tags

Environment Variables:
PATH=C:/Program Files/Java/jdk-14.0.2/bin/server;C:/Program Files/Java/jdk-14.0.2/bin;C:\Program Files\Microsoft MPI\Bin\;C:\Program Files (x86)\Common Files\Oracle\Java\javapath;C:\WINDOWS\system32;C:\WINDOWS;C:\WINDOWS\System32\Wbem;C:\WINDOWS\System32\WindowsPowerShell\v1.0\;C:\WINDOWS\System32\OpenSSH\;C:\Program Files\Microsoft SQL Server\Client SDK\ODBC\110\Tools\Binn\;C:\Program Files\Azure Data Studio\bin;C:\Program Files (x86)\Microsoft SQL Server\150\DTS\Binn\;C:\Program Files\Microsoft SQL Server\Client SDK\ODBC\170\Tools\Binn\;C:\Program Files (x86)\Microsoft SQL Server\150\Tools\Binn\;C:\Program Files\Microsoft SQL Server\150\Tools\Binn\;C:\Program Files\Microsoft SQL Server\150\DTS\Binn\;C:\Program Files (x86)\dotnet\;C:\Program Files\nodejs\;C:\Users\ADMIN\AppData\Local\Microsoft\WindowsApps;C:\Users\ADMIN\AppData\Local\Programs\Microsoft VS Code\bin;C:\Program Files\Azure Data Studio\bin;C:\Users\ADMIN\AppData\Local\atom\bin;C:\ProgramData\ADMIN\atom\bin;C:\Users\ADMIN\AppData\Local\Microsoft\WindowsApps;C:\Users\ADMIN\AppData\Roaming\npm;C:\xampp\php;;C:\WINDOWS\System32;
USERNAME=ADMIN
OS=Windows_NT
PROCESSOR_IDENTIFIER=AMD64 Family 23 Model 96 Stepping 1, AuthenticAMD



---------------  S Y S T E M  ---------------

OS: Windows 10 , 64 bit Build 19041 (10.0.19041.928)
OS uptime: 2 days 15:18 hours

CPU:total 12 (initial active 12) (12 cores per cpu, 2 threads per core) family 23 model 96 stepping 1, cmov, cx8, fxsr, mmx, sse, sse2, sse3, ssse3, sse4.1, sse4.2, popcnt, avx, avx2, aes, clmul, mmxext, 3dnowpref, lzcnt, sse4a, ht, tsc, tscinvbit, tscinv, bmi1, bmi2, adx, sha, fma

Memory: 4k page, system-wide physical 7579M (498M free)
TotalPageFile size 31131M (AvailPageFile size 40M)
current process WorkingSet (physical memory assigned to process): 88M, peak: 88M
current process commit charge ("private bytes"): 133M, peak: 204M

vm_info: Java HotSpot(TM) 64-Bit Server VM (14.0.2+12-46) for windows-amd64 JRE (14.0.2+12-46), built on Jul  9 2020 00:35:52 by "mach5one" with MS VC++ 15.9 (VS2017)

END.
